2023-11-27 14:01:16,392 INFO o.a.j.u.JMeterUtils: Setting Locale to en_EN
2023-11-27 14:01:16,440 INFO o.a.j.JMeter: Loading user properties from: /home/goncalo/Desktop/FACULDADE/Mestrado/ASCN/Guide 5/apache-jmeter-5.5/bin/user.properties
2023-11-27 14:01:16,441 INFO o.a.j.JMeter: Loading system properties from: /home/goncalo/Desktop/FACULDADE/Mestrado/ASCN/Guide 5/apache-jmeter-5.5/bin/system.properties
2023-11-27 14:01:16,461 INFO o.a.j.JMeter: Copyright (c) 1998-2022 The Apache Software Foundation
2023-11-27 14:01:16,461 INFO o.a.j.JMeter: Version 5.5
2023-11-27 14:01:16,461 INFO o.a.j.JMeter: java.version=11.0.20.1
2023-11-27 14:01:16,461 INFO o.a.j.JMeter: java.vm.name=OpenJDK 64-Bit Server VM
2023-11-27 14:01:16,461 INFO o.a.j.JMeter: os.name=Linux
2023-11-27 14:01:16,461 INFO o.a.j.JMeter: os.arch=amd64
2023-11-27 14:01:16,462 INFO o.a.j.JMeter: os.version=6.2.0-36-generic
2023-11-27 14:01:16,462 INFO o.a.j.JMeter: file.encoding=UTF-8
2023-11-27 14:01:16,462 INFO o.a.j.JMeter: java.awt.headless=null
2023-11-27 14:01:16,462 INFO o.a.j.JMeter: Max memory     =1073741824
2023-11-27 14:01:16,462 INFO o.a.j.JMeter: Available Processors =8
2023-11-27 14:01:16,477 INFO o.a.j.JMeter: Default Locale=English (EN)
2023-11-27 14:01:16,478 INFO o.a.j.JMeter: JMeter  Locale=English (EN)
2023-11-27 14:01:16,478 INFO o.a.j.JMeter: JMeterHome=/home/goncalo/Desktop/FACULDADE/Mestrado/ASCN/Guide 5/apache-jmeter-5.5
2023-11-27 14:01:16,479 INFO o.a.j.JMeter: user.dir  =/home/goncalo/Desktop/FACULDADE/Mestrado/ASCN/Guide 5/apache-jmeter-5.5
2023-11-27 14:01:16,479 INFO o.a.j.JMeter: PWD       =/home/goncalo/Desktop/FACULDADE/Mestrado/ASCN/Guide 5/apache-jmeter-5.5
2023-11-27 14:01:16,479 INFO o.a.j.JMeter: IP: 127.0.1.1 Name: gb FullName: gb
2023-11-27 14:01:16,500 INFO o.a.j.JMeter: Loaded icon properties from org/apache/jmeter/images/icon.properties
2023-11-27 14:01:17,005 INFO o.a.j.JMeterGuiLauncher: Setting LAF to: com.github.weisj.darklaf.DarkLaf:com.github.weisj.darklaf.theme.DarculaTheme
2023-11-27 14:03:23,411 INFO o.a.j.s.FileServer: Default base='/home/goncalo/Desktop/FACULDADE/Mestrado/ASCN/Guide 5/apache-jmeter-5.5'
2023-11-27 14:09:57,964 INFO o.a.j.p.h.s.HTTPSamplerBase: Parser for text/html is org.apache.jmeter.protocol.http.parser.LagartoBasedHtmlParser
2023-11-27 14:09:57,964 INFO o.a.j.p.h.s.HTTPSamplerBase: Parser for application/xhtml+xml is org.apache.jmeter.protocol.http.parser.LagartoBasedHtmlParser
2023-11-27 14:09:57,965 INFO o.a.j.p.h.s.HTTPSamplerBase: Parser for application/xml is org.apache.jmeter.protocol.http.parser.LagartoBasedHtmlParser
2023-11-27 14:09:57,965 INFO o.a.j.p.h.s.HTTPSamplerBase: Parser for text/xml is org.apache.jmeter.protocol.http.parser.LagartoBasedHtmlParser
2023-11-27 14:09:57,965 INFO o.a.j.p.h.s.HTTPSamplerBase: Parser for text/vnd.wap.wml is org.apache.jmeter.protocol.http.parser.RegexpHTMLParser
2023-11-27 14:09:57,965 INFO o.a.j.p.h.s.HTTPSamplerBase: Parser for text/css is org.apache.jmeter.protocol.http.parser.CssParser
2023-11-27 14:18:06,121 INFO o.a.j.s.FileServer: Set new base='/home/goncalo/Desktop/FACULDADE/Mestrado/ASCN/Guide 5/apache-jmeter-5.5'
2023-11-27 14:18:06,503 INFO o.a.j.s.SaveService: Testplan (JMX) version: 2.2. Testlog (JTL) version: 2.2
2023-11-27 14:18:06,528 INFO o.a.j.s.SaveService: Using SaveService properties version 5.0
2023-11-27 14:18:06,532 INFO o.a.j.s.SaveService: Using SaveService properties file encoding UTF-8
2023-11-27 14:18:06,594 INFO o.a.j.e.StandardJMeterEngine: Running the test!
2023-11-27 14:18:06,597 INFO o.a.j.s.SampleEvent: List of sample_variables: []
2023-11-27 14:18:06,598 INFO o.a.j.s.SampleEvent: List of sample_variables: []
2023-11-27 14:18:06,602 INFO o.a.j.e.u.CompoundVariable: Note: Function class names must contain the string: '.functions.'
2023-11-27 14:18:06,603 INFO o.a.j.e.u.CompoundVariable: Note: Function class names must not contain the string: '.gui.'
2023-11-27 14:18:07,118 INFO o.a.j.g.u.JMeterMenuBar: setRunning(true, *local*)
2023-11-27 14:18:07,232 INFO o.a.j.e.StandardJMeterEngine: Starting ThreadGroup: 1 : Thread Group
2023-11-27 14:18:07,232 INFO o.a.j.e.StandardJMeterEngine: Starting 1 threads for group Thread Group.
2023-11-27 14:18:07,233 INFO o.a.j.e.StandardJMeterEngine: Thread will continue on error
2023-11-27 14:18:07,233 INFO o.a.j.t.ThreadGroup: Starting thread group... number=1 threads=1 ramp-up=1 delayedStart=false
2023-11-27 14:18:07,243 INFO o.a.j.t.ThreadGroup: Started thread group number 1
2023-11-27 14:18:07,244 INFO o.a.j.e.StandardJMeterEngine: All thread groups have been started
2023-11-27 14:18:07,249 INFO o.a.j.t.JMeterThread: Thread started: Thread Group 1-1
2023-11-27 14:18:07,583 INFO o.a.j.p.h.s.HTTPHCAbstractImpl: Local host = gb
2023-11-27 14:18:07,601 INFO o.a.j.p.h.s.HTTPHC4Impl: HTTP request retry count = 0
2023-11-27 14:18:07,604 INFO o.a.j.s.SampleResult: Note: Sample TimeStamps are START times
2023-11-27 14:18:07,604 INFO o.a.j.s.SampleResult: sampleresult.default.encoding is set to ISO-8859-1
2023-11-27 14:18:07,604 INFO o.a.j.s.SampleResult: sampleresult.useNanoTime=true
2023-11-27 14:18:07,604 INFO o.a.j.s.SampleResult: sampleresult.nanoThreadSleep=5000
2023-11-27 14:41:32,495 INFO o.a.j.g.a.Start: Stopping test
2023-11-27 14:41:32,511 INFO o.a.j.t.JMeterThread: Stopping: Thread Group 1-1
2023-11-27 14:41:32,516 WARN o.a.j.t.JMeterThread: The delay timer was interrupted - probably did not wait as long as intended.
2023-11-27 14:41:32,517 INFO o.a.j.t.JMeterThread: Thread finished: Thread Group 1-1
2023-11-27 14:41:32,519 INFO o.a.j.e.StandardJMeterEngine: Notifying test listeners of end of test
2023-11-27 14:41:32,520 INFO o.a.j.g.u.JMeterMenuBar: setRunning(false, *local*)
2023-11-27 14:41:36,529 INFO o.a.j.e.StandardJMeterEngine: Running the test!
2023-11-27 14:41:36,531 INFO o.a.j.s.SampleEvent: List of sample_variables: []
2023-11-27 14:41:36,538 INFO o.a.j.g.u.JMeterMenuBar: setRunning(true, *local*)
2023-11-27 14:41:36,639 INFO o.a.j.e.StandardJMeterEngine: Starting ThreadGroup: 1 : Thread Group
2023-11-27 14:41:36,639 INFO o.a.j.e.StandardJMeterEngine: Starting 10 threads for group Thread Group.
2023-11-27 14:41:36,640 INFO o.a.j.e.StandardJMeterEngine: Thread will continue on error
2023-11-27 14:41:36,640 INFO o.a.j.t.ThreadGroup: Starting thread group... number=1 threads=10 ramp-up=1 delayedStart=false
2023-11-27 14:41:36,644 INFO o.a.j.t.JMeterThread: Thread started: Thread Group 1-1
2023-11-27 14:41:36,658 INFO o.a.j.t.ThreadGroup: Started thread group number 1
2023-11-27 14:41:36,658 INFO o.a.j.e.StandardJMeterEngine: All thread groups have been started
2023-11-27 14:41:36,744 INFO o.a.j.t.JMeterThread: Thread started: Thread Group 1-2
2023-11-27 14:41:36,845 INFO o.a.j.t.JMeterThread: Thread started: Thread Group 1-3
2023-11-27 14:41:36,944 INFO o.a.j.t.JMeterThread: Thread started: Thread Group 1-4
2023-11-27 14:41:37,044 INFO o.a.j.t.JMeterThread: Thread started: Thread Group 1-5
2023-11-27 14:41:37,144 INFO o.a.j.t.JMeterThread: Thread started: Thread Group 1-6
2023-11-27 14:41:37,243 INFO o.a.j.t.JMeterThread: Thread started: Thread Group 1-7
2023-11-27 14:41:37,342 INFO o.a.j.t.JMeterThread: Thread started: Thread Group 1-8
2023-11-27 14:41:37,443 INFO o.a.j.t.JMeterThread: Thread started: Thread Group 1-9
2023-11-27 14:41:37,543 INFO o.a.j.t.JMeterThread: Thread started: Thread Group 1-10
2023-11-27 14:41:52,653 INFO o.a.j.g.a.Start: Stopping test
2023-11-27 14:41:52,657 INFO o.a.j.t.JMeterThread: Stopping: Thread Group 1-5
2023-11-27 14:41:52,659 WARN o.a.j.t.JMeterThread: Interrupting: Thread Group 1-5 sampler: HTTP Request
2023-11-27 14:41:52,660 INFO o.a.j.t.JMeterThread: Stopping: Thread Group 1-10
2023-11-27 14:41:52,661 INFO o.a.j.t.JMeterThread: Stopping: Thread Group 1-7
2023-11-27 14:41:52,661 WARN o.a.j.t.JMeterThread: The delay timer was interrupted - probably did not wait as long as intended.
2023-11-27 14:41:52,661 INFO o.a.j.t.JMeterThread: Stopping: Thread Group 1-9
2023-11-27 14:41:52,662 INFO o.a.j.t.JMeterThread: Stopping: Thread Group 1-4
2023-11-27 14:41:52,661 INFO o.a.j.t.JMeterThread: Thread finished: Thread Group 1-10
2023-11-27 14:41:52,662 WARN o.a.j.t.JMeterThread: The delay timer was interrupted - probably did not wait as long as intended.
2023-11-27 14:41:52,662 INFO o.a.j.t.JMeterThread: Stopping: Thread Group 1-8
2023-11-27 14:41:52,662 INFO o.a.j.t.JMeterThread: Thread finished: Thread Group 1-5
2023-11-27 14:41:52,662 WARN o.a.j.t.JMeterThread: Interrupting: Thread Group 1-8 sampler: HTTP Request
2023-11-27 14:41:52,662 WARN o.a.j.t.JMeterThread: The delay timer was interrupted - probably did not wait as long as intended.
2023-11-27 14:41:52,662 WARN o.a.j.t.JMeterThread: The delay timer was interrupted - probably did not wait as long as intended.
2023-11-27 14:41:52,662 INFO o.a.j.t.JMeterThread: Thread finished: Thread Group 1-7
2023-11-27 14:41:52,664 INFO o.a.j.t.JMeterThread: Thread finished: Thread Group 1-9
2023-11-27 14:41:52,664 INFO o.a.j.t.JMeterThread: Stopping: Thread Group 1-6
2023-11-27 14:41:52,664 INFO o.a.j.t.JMeterThread: Thread finished: Thread Group 1-4
2023-11-27 14:41:52,665 WARN o.a.j.t.JMeterThread: The delay timer was interrupted - probably did not wait as long as intended.
2023-11-27 14:41:52,665 INFO o.a.j.t.JMeterThread: Thread finished: Thread Group 1-8
2023-11-27 14:41:52,665 INFO o.a.j.t.JMeterThread: Stopping: Thread Group 1-1
2023-11-27 14:41:52,666 INFO o.a.j.t.JMeterThread: Thread finished: Thread Group 1-6
2023-11-27 14:41:52,666 INFO o.a.j.t.JMeterThread: Stopping: Thread Group 1-3
2023-11-27 14:41:52,666 WARN o.a.j.t.JMeterThread: The delay timer was interrupted - probably did not wait as long as intended.
2023-11-27 14:41:52,666 INFO o.a.j.t.JMeterThread: Stopping: Thread Group 1-2
2023-11-27 14:41:52,666 WARN o.a.j.t.JMeterThread: The delay timer was interrupted - probably did not wait as long as intended.
2023-11-27 14:41:52,667 WARN o.a.j.t.JMeterThread: Interrupting: Thread Group 1-2 sampler: HTTP Request
2023-11-27 14:41:52,666 INFO o.a.j.t.JMeterThread: Thread finished: Thread Group 1-1
2023-11-27 14:41:52,667 INFO o.a.j.t.JMeterThread: Thread finished: Thread Group 1-3
2023-11-27 14:41:52,669 INFO o.a.j.t.JMeterThread: Thread finished: Thread Group 1-2
2023-11-27 14:41:52,670 INFO o.a.j.e.StandardJMeterEngine: Notifying test listeners of end of test
2023-11-27 14:41:52,670 INFO o.a.j.g.u.JMeterMenuBar: setRunning(false, *local*)
2023-11-27 14:43:13,020 INFO o.a.j.e.StandardJMeterEngine: Running the test!
2023-11-27 14:43:13,021 INFO o.a.j.s.SampleEvent: List of sample_variables: []
2023-11-27 14:43:13,022 INFO o.a.j.g.u.JMeterMenuBar: setRunning(true, *local*)
2023-11-27 14:43:13,089 INFO o.a.j.e.StandardJMeterEngine: Starting ThreadGroup: 1 : Thread Group
2023-11-27 14:43:13,089 INFO o.a.j.e.StandardJMeterEngine: Starting 10 threads for group Thread Group.
2023-11-27 14:43:13,090 INFO o.a.j.e.StandardJMeterEngine: Thread will continue on error
2023-11-27 14:43:13,090 INFO o.a.j.t.ThreadGroup: Starting thread group... number=1 threads=10 ramp-up=1 delayedStart=false
2023-11-27 14:43:13,092 INFO o.a.j.t.JMeterThread: Thread started: Thread Group 1-1
2023-11-27 14:43:13,094 INFO o.a.j.t.ThreadGroup: Started thread group number 1
2023-11-27 14:43:13,094 INFO o.a.j.e.StandardJMeterEngine: All thread groups have been started
2023-11-27 14:43:13,191 INFO o.a.j.t.JMeterThread: Thread started: Thread Group 1-2
2023-11-27 14:43:13,290 INFO o.a.j.t.JMeterThread: Thread started: Thread Group 1-3
2023-11-27 14:43:13,391 INFO o.a.j.t.JMeterThread: Thread started: Thread Group 1-4
2023-11-27 14:43:13,491 INFO o.a.j.t.JMeterThread: Thread started: Thread Group 1-5
2023-11-27 14:43:13,590 INFO o.a.j.t.JMeterThread: Thread started: Thread Group 1-6
2023-11-27 14:43:13,691 INFO o.a.j.t.JMeterThread: Thread started: Thread Group 1-7
2023-11-27 14:43:13,791 INFO o.a.j.t.JMeterThread: Thread started: Thread Group 1-8
2023-11-27 14:43:13,890 INFO o.a.j.t.JMeterThread: Thread started: Thread Group 1-9
2023-11-27 14:43:13,991 INFO o.a.j.t.JMeterThread: Thread started: Thread Group 1-10
2023-11-27 14:44:13,006 INFO o.a.j.g.a.Start: Stopping test
2023-11-27 14:44:13,010 INFO o.a.j.t.JMeterThread: Stopping: Thread Group 1-4
2023-11-27 14:44:13,010 INFO o.a.j.t.JMeterThread: Stopping: Thread Group 1-7
2023-11-27 14:44:13,011 WARN o.a.j.t.JMeterThread: The delay timer was interrupted - probably did not wait as long as intended.
2023-11-27 14:44:13,011 INFO o.a.j.t.JMeterThread: Stopping: Thread Group 1-10
2023-11-27 14:44:13,011 WARN o.a.j.t.JMeterThread: The delay timer was interrupted - probably did not wait as long as intended.
2023-11-27 14:44:13,011 INFO o.a.j.t.JMeterThread: Thread finished: Thread Group 1-4
2023-11-27 14:44:13,011 INFO o.a.j.t.JMeterThread: Stopping: Thread Group 1-3
2023-11-27 14:44:13,011 WARN o.a.j.t.JMeterThread: The delay timer was interrupted - probably did not wait as long as intended.
2023-11-27 14:44:13,011 INFO o.a.j.t.JMeterThread: Thread finished: Thread Group 1-7
2023-11-27 14:44:13,011 INFO o.a.j.t.JMeterThread: Stopping: Thread Group 1-8
2023-11-27 14:44:13,011 INFO o.a.j.t.JMeterThread: Thread finished: Thread Group 1-10
2023-11-27 14:44:13,011 WARN o.a.j.t.JMeterThread: The delay timer was interrupted - probably did not wait as long as intended.
2023-11-27 14:44:13,012 INFO o.a.j.t.JMeterThread: Stopping: Thread Group 1-2
2023-11-27 14:44:13,012 WARN o.a.j.t.JMeterThread: The delay timer was interrupted - probably did not wait as long as intended.
2023-11-27 14:44:13,012 INFO o.a.j.t.JMeterThread: Thread finished: Thread Group 1-3
2023-11-27 14:44:13,012 INFO o.a.j.t.JMeterThread: Thread finished: Thread Group 1-8
2023-11-27 14:44:13,012 INFO o.a.j.t.JMeterThread: Stopping: Thread Group 1-6
2023-11-27 14:44:13,012 WARN o.a.j.t.JMeterThread: The delay timer was interrupted - probably did not wait as long as intended.
2023-11-27 14:44:13,012 INFO o.a.j.t.JMeterThread: Stopping: Thread Group 1-9
2023-11-27 14:44:13,012 WARN o.a.j.t.JMeterThread: The delay timer was interrupted - probably did not wait as long as intended.
2023-11-27 14:44:13,012 INFO o.a.j.t.JMeterThread: Thread finished: Thread Group 1-2
2023-11-27 14:44:13,012 INFO o.a.j.t.JMeterThread: Stopping: Thread Group 1-1
2023-11-27 14:44:13,012 INFO o.a.j.t.JMeterThread: Thread finished: Thread Group 1-6
2023-11-27 14:44:13,012 WARN o.a.j.t.JMeterThread: The delay timer was interrupted - probably did not wait as long as intended.
2023-11-27 14:44:13,013 WARN o.a.j.t.JMeterThread: Interrupting: Thread Group 1-1 sampler: HTTP Request
2023-11-27 14:44:13,013 INFO o.a.j.t.JMeterThread: Thread finished: Thread Group 1-9
2023-11-27 14:44:13,014 INFO o.a.j.t.JMeterThread: Stopping: Thread Group 1-5
2023-11-27 14:44:13,014 WARN o.a.j.t.JMeterThread: The delay timer was interrupted - probably did not wait as long as intended.
2023-11-27 14:44:13,014 INFO o.a.j.t.JMeterThread: Thread finished: Thread Group 1-1
2023-11-27 14:44:13,014 INFO o.a.j.t.JMeterThread: Thread finished: Thread Group 1-5
2023-11-27 14:44:13,015 INFO o.a.j.e.StandardJMeterEngine: Notifying test listeners of end of test
2023-11-27 14:44:13,015 INFO o.a.j.g.u.JMeterMenuBar: setRunning(false, *local*)
2023-11-27 14:44:20,481 INFO o.a.j.e.StandardJMeterEngine: Running the test!
2023-11-27 14:44:20,481 INFO o.a.j.s.SampleEvent: List of sample_variables: []
2023-11-27 14:44:20,482 INFO o.a.j.g.u.JMeterMenuBar: setRunning(true, *local*)
2023-11-27 14:44:20,483 INFO o.a.j.e.StandardJMeterEngine: Starting ThreadGroup: 1 : Thread Group
2023-11-27 14:44:20,483 INFO o.a.j.e.StandardJMeterEngine: Starting 100 threads for group Thread Group.
2023-11-27 14:44:20,483 INFO o.a.j.e.StandardJMeterEngine: Thread will continue on error
2023-11-27 14:44:20,483 INFO o.a.j.t.ThreadGroup: Starting thread group... number=1 threads=100 ramp-up=1 delayedStart=false
2023-11-27 14:44:20,488 INFO o.a.j.t.JMeterThread: Thread started: Thread Group 1-1
2023-11-27 14:44:20,498 INFO o.a.j.t.JMeterThread: Thread started: Thread Group 1-2
2023-11-27 14:44:20,508 INFO o.a.j.t.JMeterThread: Thread started: Thread Group 1-3
2023-11-27 14:44:20,516 INFO o.a.j.t.ThreadGroup: Started thread group number 1
2023-11-27 14:44:20,516 INFO o.a.j.e.StandardJMeterEngine: All thread groups have been started
2023-11-27 14:44:20,518 INFO o.a.j.t.JMeterThread: Thread started: Thread Group 1-4
2023-11-27 14:44:20,528 INFO o.a.j.t.JMeterThread: Thread started: Thread Group 1-5
2023-11-27 14:44:20,538 INFO o.a.j.t.JMeterThread: Thread started: Thread Group 1-6
2023-11-27 14:44:20,548 INFO o.a.j.t.JMeterThread: Thread started: Thread Group 1-7
2023-11-27 14:44:20,558 INFO o.a.j.t.JMeterThread: Thread started: Thread Group 1-8
2023-11-27 14:44:20,568 INFO o.a.j.t.JMeterThread: Thread started: Thread Group 1-9
2023-11-27 14:44:20,578 INFO o.a.j.t.JMeterThread: Thread started: Thread Group 1-10
2023-11-27 14:44:20,588 INFO o.a.j.t.JMeterThread: Thread started: Thread Group 1-11
2023-11-27 14:44:20,598 INFO o.a.j.t.JMeterThread: Thread started: Thread Group 1-12
2023-11-27 14:44:20,607 INFO o.a.j.t.JMeterThread: Thread started: Thread Group 1-13
2023-11-27 14:44:20,618 INFO o.a.j.t.JMeterThread: Thread started: Thread Group 1-14
2023-11-27 14:44:20,628 INFO o.a.j.t.JMeterThread: Thread started: Thread Group 1-15
2023-11-27 14:44:20,638 INFO o.a.j.t.JMeterThread: Thread started: Thread Group 1-16
2023-11-27 14:44:20,648 INFO o.a.j.t.JMeterThread: Thread started: Thread Group 1-17
2023-11-27 14:44:20,658 INFO o.a.j.t.JMeterThread: Thread started: Thread Group 1-18
2023-11-27 14:44:20,668 INFO o.a.j.t.JMeterThread: Thread started: Thread Group 1-19
2023-11-27 14:44:20,677 INFO o.a.j.t.JMeterThread: Thread started: Thread Group 1-20
2023-11-27 14:44:20,688 INFO o.a.j.t.JMeterThread: Thread started: Thread Group 1-21
2023-11-27 14:44:20,698 INFO o.a.j.t.JMeterThread: Thread started: Thread Group 1-22
2023-11-27 14:44:20,708 INFO o.a.j.t.JMeterThread: Thread started: Thread Group 1-23
2023-11-27 14:44:20,717 INFO o.a.j.t.JMeterThread: Thread started: Thread Group 1-24
2023-11-27 14:44:20,728 INFO o.a.j.t.JMeterThread: Thread started: Thread Group 1-25
2023-11-27 14:44:20,738 INFO o.a.j.t.JMeterThread: Thread started: Thread Group 1-26
2023-11-27 14:44:20,748 INFO o.a.j.t.JMeterThread: Thread started: Thread Group 1-27
2023-11-27 14:44:20,757 INFO o.a.j.t.JMeterThread: Thread started: Thread Group 1-28
2023-11-27 14:44:20,768 INFO o.a.j.t.JMeterThread: Thread started: Thread Group 1-29
2023-11-27 14:44:20,778 INFO o.a.j.t.JMeterThread: Thread started: Thread Group 1-30
2023-11-27 14:44:20,787 INFO o.a.j.t.JMeterThread: Thread started: Thread Group 1-31
2023-11-27 14:44:20,797 INFO o.a.j.t.JMeterThread: Thread started: Thread Group 1-32
2023-11-27 14:44:20,808 INFO o.a.j.t.JMeterThread: Thread started: Thread Group 1-33
2023-11-27 14:44:20,818 INFO o.a.j.t.JMeterThread: Thread started: Thread Group 1-34
2023-11-27 14:44:20,828 INFO o.a.j.t.JMeterThread: Thread started: Thread Group 1-35
2023-11-27 14:44:20,838 INFO o.a.j.t.JMeterThread: Thread started: Thread Group 1-36
2023-11-27 14:44:20,848 INFO o.a.j.t.JMeterThread: Thread started: Thread Group 1-37
2023-11-27 14:44:20,857 INFO o.a.j.t.JMeterThread: Thread started: Thread Group 1-38
2023-11-27 14:44:20,868 INFO o.a.j.t.JMeterThread: Thread started: Thread Group 1-39
2023-11-27 14:44:20,878 INFO o.a.j.t.JMeterThread: Thread started: Thread Group 1-40
2023-11-27 14:44:20,888 INFO o.a.j.t.JMeterThread: Thread started: Thread Group 1-41
2023-11-27 14:44:20,897 INFO o.a.j.t.JMeterThread: Thread started: Thread Group 1-42
2023-11-27 14:44:20,907 INFO o.a.j.t.JMeterThread: Thread started: Thread Group 1-43
2023-11-27 14:44:20,918 INFO o.a.j.t.JMeterThread: Thread started: Thread Group 1-44
2023-11-27 14:44:20,928 INFO o.a.j.t.JMeterThread: Thread started: Thread Group 1-45
2023-11-27 14:44:20,937 INFO o.a.j.t.JMeterThread: Thread started: Thread Group 1-46
2023-11-27 14:44:20,947 INFO o.a.j.t.JMeterThread: Thread started: Thread Group 1-47
2023-11-27 14:44:20,958 INFO o.a.j.t.JMeterThread: Thread started: Thread Group 1-48
2023-11-27 14:44:20,968 INFO o.a.j.t.JMeterThread: Thread started: Thread Group 1-49
2023-11-27 14:44:20,977 INFO o.a.j.t.JMeterThread: Thread started: Thread Group 1-50
2023-11-27 14:44:20,988 INFO o.a.j.t.JMeterThread: Thread started: Thread Group 1-51
2023-11-27 14:44:20,998 INFO o.a.j.t.JMeterThread: Thread started: Thread Group 1-52
2023-11-27 14:44:21,008 INFO o.a.j.t.JMeterThread: Thread started: Thread Group 1-53
2023-11-27 14:44:21,017 INFO o.a.j.t.JMeterThread: Thread started: Thread Group 1-54
2023-11-27 14:44:21,027 INFO o.a.j.t.JMeterThread: Thread started: Thread Group 1-55
2023-11-27 14:44:21,038 INFO o.a.j.t.JMeterThread: Thread started: Thread Group 1-56
2023-11-27 14:44:21,048 INFO o.a.j.t.JMeterThread: Thread started: Thread Group 1-57
2023-11-27 14:44:21,057 INFO o.a.j.t.JMeterThread: Thread started: Thread Group 1-58
2023-11-27 14:44:21,067 INFO o.a.j.t.JMeterThread: Thread started: Thread Group 1-59
2023-11-27 14:44:21,078 INFO o.a.j.t.JMeterThread: Thread started: Thread Group 1-60
2023-11-27 14:44:21,088 INFO o.a.j.t.JMeterThread: Thread started: Thread Group 1-61
2023-11-27 14:44:21,097 INFO o.a.j.t.JMeterThread: Thread started: Thread Group 1-62
2023-11-27 14:44:21,108 INFO o.a.j.t.JMeterThread: Thread started: Thread Group 1-63
2023-11-27 14:44:21,118 INFO o.a.j.t.JMeterThread: Thread started: Thread Group 1-64
2023-11-27 14:44:21,128 INFO o.a.j.t.JMeterThread: Thread started: Thread Group 1-65
2023-11-27 14:44:21,137 INFO o.a.j.t.JMeterThread: Thread started: Thread Group 1-66
2023-11-27 14:44:21,148 INFO o.a.j.t.JMeterThread: Thread started: Thread Group 1-67
2023-11-27 14:44:21,158 INFO o.a.j.t.JMeterThread: Thread started: Thread Group 1-68
2023-11-27 14:44:21,167 INFO o.a.j.t.JMeterThread: Thread started: Thread Group 1-69
2023-11-27 14:44:21,178 INFO o.a.j.t.JMeterThread: Thread started: Thread Group 1-70
2023-11-27 14:44:21,188 INFO o.a.j.t.JMeterThread: Thread started: Thread Group 1-71
2023-11-27 14:44:21,197 INFO o.a.j.t.JMeterThread: Thread started: Thread Group 1-72
2023-11-27 14:44:21,208 INFO o.a.j.t.JMeterThread: Thread started: Thread Group 1-73
2023-11-27 14:44:21,218 INFO o.a.j.t.JMeterThread: Thread started: Thread Group 1-74
2023-11-27 14:44:21,227 INFO o.a.j.t.JMeterThread: Thread started: Thread Group 1-75
2023-11-27 14:44:21,238 INFO o.a.j.t.JMeterThread: Thread started: Thread Group 1-76
2023-11-27 14:44:21,248 INFO o.a.j.t.JMeterThread: Thread started: Thread Group 1-77
2023-11-27 14:44:21,258 INFO o.a.j.t.JMeterThread: Thread started: Thread Group 1-78
2023-11-27 14:44:21,267 INFO o.a.j.t.JMeterThread: Thread started: Thread Group 1-79
2023-11-27 14:44:21,277 INFO o.a.j.t.JMeterThread: Thread started: Thread Group 1-80
2023-11-27 14:44:21,288 INFO o.a.j.t.JMeterThread: Thread started: Thread Group 1-81
2023-11-27 14:44:21,298 INFO o.a.j.t.JMeterThread: Thread started: Thread Group 1-82
2023-11-27 14:44:21,308 INFO o.a.j.t.JMeterThread: Thread started: Thread Group 1-83
2023-11-27 14:44:21,318 INFO o.a.j.t.JMeterThread: Thread started: Thread Group 1-84
2023-11-27 14:44:21,327 INFO o.a.j.t.JMeterThread: Thread started: Thread Group 1-85
2023-11-27 14:44:21,338 INFO o.a.j.t.JMeterThread: Thread started: Thread Group 1-86
2023-11-27 14:44:21,348 INFO o.a.j.t.JMeterThread: Thread started: Thread Group 1-87
2023-11-27 14:44:21,357 INFO o.a.j.t.JMeterThread: Thread started: Thread Group 1-88
2023-11-27 14:44:21,367 INFO o.a.j.t.JMeterThread: Thread started: Thread Group 1-89
2023-11-27 14:44:21,378 INFO o.a.j.t.JMeterThread: Thread started: Thread Group 1-90
2023-11-27 14:44:21,388 INFO o.a.j.t.JMeterThread: Thread started: Thread Group 1-91
2023-11-27 14:44:21,398 INFO o.a.j.t.JMeterThread: Thread started: Thread Group 1-92
2023-11-27 14:44:21,407 INFO o.a.j.t.JMeterThread: Thread started: Thread Group 1-93
2023-11-27 14:44:21,417 INFO o.a.j.t.JMeterThread: Thread started: Thread Group 1-94
2023-11-27 14:44:21,428 INFO o.a.j.t.JMeterThread: Thread started: Thread Group 1-95
2023-11-27 14:44:21,438 INFO o.a.j.t.JMeterThread: Thread started: Thread Group 1-96
2023-11-27 14:44:21,448 INFO o.a.j.t.JMeterThread: Thread started: Thread Group 1-97
2023-11-27 14:44:21,457 INFO o.a.j.t.JMeterThread: Thread started: Thread Group 1-98
2023-11-27 14:44:21,468 INFO o.a.j.t.JMeterThread: Thread started: Thread Group 1-99
2023-11-27 14:44:21,479 INFO o.a.j.t.JMeterThread: Thread started: Thread Group 1-100
2023-11-27 14:45:51,533 INFO o.a.j.g.a.Start: Stopping test
2023-11-27 14:45:51,537 INFO o.a.j.t.JMeterThread: Stopping: Thread Group 1-90
2023-11-27 14:45:51,537 WARN o.a.j.t.JMeterThread: Interrupting: Thread Group 1-90 sampler: HTTP Request
2023-11-27 14:45:51,538 INFO o.a.j.t.JMeterThread: Stopping: Thread Group 1-82
2023-11-27 14:45:51,538 WARN o.a.j.t.JMeterThread: Interrupting: Thread Group 1-82 sampler: HTTP Request
2023-11-27 14:45:51,539 INFO o.a.j.t.JMeterThread: Thread finished: Thread Group 1-90
2023-11-27 14:45:51,540 INFO o.a.j.t.JMeterThread: Stopping: Thread Group 1-45
2023-11-27 14:45:51,540 WARN o.a.j.t.JMeterThread: Interrupting: Thread Group 1-45 sampler: HTTP Request
2023-11-27 14:45:51,541 INFO o.a.j.t.JMeterThread: Stopping: Thread Group 1-1
2023-11-27 14:45:51,541 INFO o.a.j.t.JMeterThread: Thread finished: Thread Group 1-82
2023-11-27 14:45:51,542 WARN o.a.j.t.JMeterThread: Interrupting: Thread Group 1-1 sampler: HTTP Request
2023-11-27 14:45:51,542 INFO o.a.j.t.JMeterThread: Stopping: Thread Group 1-30
2023-11-27 14:45:51,543 INFO o.a.j.t.JMeterThread: Stopping: Thread Group 1-59
2023-11-27 14:45:51,543 WARN o.a.j.t.JMeterThread: The delay timer was interrupted - probably did not wait as long as intended.
2023-11-27 14:45:51,543 WARN o.a.j.t.JMeterThread: Interrupting: Thread Group 1-59 sampler: HTTP Request
2023-11-27 14:45:51,543 INFO o.a.j.t.JMeterThread: Thread finished: Thread Group 1-45
2023-11-27 14:45:51,543 INFO o.a.j.t.JMeterThread: Thread finished: Thread Group 1-30
2023-11-27 14:45:51,544 INFO o.a.j.t.JMeterThread: Thread finished: Thread Group 1-1
2023-11-27 14:45:51,544 INFO o.a.j.t.JMeterThread: Stopping: Thread Group 1-27
2023-11-27 14:45:51,545 WARN o.a.j.t.JMeterThread: Interrupting: Thread Group 1-27 sampler: HTTP Request
2023-11-27 14:45:51,549 INFO o.a.j.t.JMeterThread: Stopping: Thread Group 1-46
2023-11-27 14:45:51,549 INFO o.a.j.t.JMeterThread: Thread finished: Thread Group 1-59
2023-11-27 14:45:51,549 WARN o.a.j.t.JMeterThread: Interrupting: Thread Group 1-46 sampler: HTTP Request
2023-11-27 14:45:51,550 INFO o.a.j.t.JMeterThread: Thread finished: Thread Group 1-27
2023-11-27 14:45:51,550 INFO o.a.j.t.JMeterThread: Stopping: Thread Group 1-15
2023-11-27 14:45:51,550 WARN o.a.j.t.JMeterThread: Interrupting: Thread Group 1-15 sampler: HTTP Request
2023-11-27 14:45:51,550 INFO o.a.j.t.JMeterThread: Thread finished: Thread Group 1-46
2023-11-27 14:45:51,550 INFO o.a.j.t.JMeterThread: Stopping: Thread Group 1-54
2023-11-27 14:45:51,551 WARN o.a.j.t.JMeterThread: Interrupting: Thread Group 1-54 sampler: HTTP Request
2023-11-27 14:45:51,551 INFO o.a.j.t.JMeterThread: Stopping: Thread Group 1-78
2023-11-27 14:45:51,551 INFO o.a.j.t.JMeterThread: Thread finished: Thread Group 1-15
2023-11-27 14:45:51,552 WARN o.a.j.t.JMeterThread: Interrupting: Thread Group 1-78 sampler: HTTP Request
2023-11-27 14:45:51,552 INFO o.a.j.t.JMeterThread: Thread finished: Thread Group 1-54
2023-11-27 14:45:51,552 INFO o.a.j.t.JMeterThread: Stopping: Thread Group 1-67
2023-11-27 14:45:51,553 WARN o.a.j.t.JMeterThread: Interrupting: Thread Group 1-67 sampler: HTTP Request
2023-11-27 14:45:51,554 INFO o.a.j.t.JMeterThread: Stopping: Thread Group 1-76
2023-11-27 14:45:51,554 INFO o.a.j.t.JMeterThread: Thread finished: Thread Group 1-78
2023-11-27 14:45:51,554 WARN o.a.j.t.JMeterThread: Interrupting: Thread Group 1-76 sampler: HTTP Request
2023-11-27 14:45:51,554 INFO o.a.j.t.JMeterThread: Stopping: Thread Group 1-92
2023-11-27 14:45:51,554 INFO o.a.j.t.JMeterThread: Thread finished: Thread Group 1-67
2023-11-27 14:45:51,555 WARN o.a.j.t.JMeterThread: Interrupting: Thread Group 1-92 sampler: HTTP Request
2023-11-27 14:45:51,555 INFO o.a.j.t.JMeterThread: Stopping: Thread Group 1-66
2023-11-27 14:45:51,555 INFO o.a.j.t.JMeterThread: Thread finished: Thread Group 1-76
2023-11-27 14:45:51,555 WARN o.a.j.t.JMeterThread: Interrupting: Thread Group 1-66 sampler: HTTP Request
2023-11-27 14:45:51,556 INFO o.a.j.t.JMeterThread: Stopping: Thread Group 1-12
2023-11-27 14:45:51,556 INFO o.a.j.t.JMeterThread: Thread finished: Thread Group 1-92
2023-11-27 14:45:51,556 WARN o.a.j.t.JMeterThread: Interrupting: Thread Group 1-12 sampler: HTTP Request
2023-11-27 14:45:51,557 INFO o.a.j.t.JMeterThread: Stopping: Thread Group 1-69
2023-11-27 14:45:51,557 WARN o.a.j.t.JMeterThread: Interrupting: Thread Group 1-69 sampler: HTTP Request
2023-11-27 14:45:51,557 INFO o.a.j.t.JMeterThread: Thread finished: Thread Group 1-66
2023-11-27 14:45:51,563 INFO o.a.j.t.JMeterThread: Thread finished: Thread Group 1-12
2023-11-27 14:45:51,564 INFO o.a.j.t.JMeterThread: Thread finished: Thread Group 1-69
2023-11-27 14:45:51,563 INFO o.a.j.t.JMeterThread: Stopping: Thread Group 1-96
2023-11-27 14:45:51,564 WARN o.a.j.t.JMeterThread: Interrupting: Thread Group 1-96 sampler: HTTP Request
2023-11-27 14:45:51,564 INFO o.a.j.t.JMeterThread: Stopping: Thread Group 1-31
2023-11-27 14:45:51,564 INFO o.a.j.t.JMeterThread: Stopping: Thread Group 1-35
2023-11-27 14:45:51,564 WARN o.a.j.t.JMeterThread: The delay timer was interrupted - probably did not wait as long as intended.
2023-11-27 14:45:51,564 WARN o.a.j.t.JMeterThread: Interrupting: Thread Group 1-35 sampler: HTTP Request
2023-11-27 14:45:51,567 INFO o.a.j.t.JMeterThread: Thread finished: Thread Group 1-31
2023-11-27 14:45:51,567 INFO o.a.j.t.JMeterThread: Stopping: Thread Group 1-81
2023-11-27 14:45:51,567 INFO o.a.j.t.JMeterThread: Thread finished: Thread Group 1-96
2023-11-27 14:45:51,567 WARN o.a.j.t.JMeterThread: Interrupting: Thread Group 1-81 sampler: HTTP Request
2023-11-27 14:45:51,568 INFO o.a.j.t.JMeterThread: Stopping: Thread Group 1-95
2023-11-27 14:45:51,568 WARN o.a.j.t.JMeterThread: Interrupting: Thread Group 1-95 sampler: HTTP Request
2023-11-27 14:45:51,568 INFO o.a.j.t.JMeterThread: Stopping: Thread Group 1-63
2023-11-27 14:45:51,568 WARN o.a.j.t.JMeterThread: Interrupting: Thread Group 1-63 sampler: HTTP Request
2023-11-27 14:45:51,568 INFO o.a.j.t.JMeterThread: Thread finished: Thread Group 1-35
2023-11-27 14:45:51,568 INFO o.a.j.t.JMeterThread: Stopping: Thread Group 1-21
2023-11-27 14:45:51,568 WARN o.a.j.t.JMeterThread: Interrupting: Thread Group 1-21 sampler: HTTP Request
2023-11-27 14:45:51,568 INFO o.a.j.t.JMeterThread: Thread finished: Thread Group 1-95
2023-11-27 14:45:51,569 INFO o.a.j.t.JMeterThread: Thread finished: Thread Group 1-81
2023-11-27 14:45:51,569 INFO o.a.j.t.JMeterThread: Stopping: Thread Group 1-75
2023-11-27 14:45:51,569 INFO o.a.j.t.JMeterThread: Thread finished: Thread Group 1-63
2023-11-27 14:45:51,569 WARN o.a.j.t.JMeterThread: Interrupting: Thread Group 1-75 sampler: HTTP Request
2023-11-27 14:45:51,569 INFO o.a.j.t.JMeterThread: Thread finished: Thread Group 1-21
2023-11-27 14:45:51,570 INFO o.a.j.t.JMeterThread: Stopping: Thread Group 1-84
2023-11-27 14:45:51,570 WARN o.a.j.t.JMeterThread: Interrupting: Thread Group 1-84 sampler: HTTP Request
2023-11-27 14:45:51,570 INFO o.a.j.t.JMeterThread: Stopping: Thread Group 1-93
2023-11-27 14:45:51,570 WARN o.a.j.t.JMeterThread: Interrupting: Thread Group 1-93 sampler: HTTP Request
2023-11-27 14:45:51,570 INFO o.a.j.t.JMeterThread: Stopping: Thread Group 1-3
2023-11-27 14:45:51,570 WARN o.a.j.t.JMeterThread: Interrupting: Thread Group 1-3 sampler: HTTP Request
2023-11-27 14:45:51,570 INFO o.a.j.t.JMeterThread: Thread finished: Thread Group 1-75
2023-11-27 14:45:51,570 INFO o.a.j.t.JMeterThread: Thread finished: Thread Group 1-84
2023-11-27 14:45:51,570 INFO o.a.j.t.JMeterThread: Stopping: Thread Group 1-8
2023-11-27 14:45:51,570 WARN o.a.j.t.JMeterThread: Interrupting: Thread Group 1-8 sampler: HTTP Request
2023-11-27 14:45:51,570 INFO o.a.j.t.JMeterThread: Stopping: Thread Group 1-23
2023-11-27 14:45:51,570 WARN o.a.j.t.JMeterThread: Interrupting: Thread Group 1-23 sampler: HTTP Request
2023-11-27 14:45:51,571 INFO o.a.j.t.JMeterThread: Thread finished: Thread Group 1-93
2023-11-27 14:45:51,571 INFO o.a.j.t.JMeterThread: Stopping: Thread Group 1-65
2023-11-27 14:45:51,571 INFO o.a.j.t.JMeterThread: Thread finished: Thread Group 1-3
2023-11-27 14:45:51,571 INFO o.a.j.t.JMeterThread: Thread finished: Thread Group 1-8
2023-11-27 14:45:51,571 WARN o.a.j.t.JMeterThread: Interrupting: Thread Group 1-65 sampler: HTTP Request
2023-11-27 14:45:51,571 INFO o.a.j.t.JMeterThread: Stopping: Thread Group 1-36
2023-11-27 14:45:51,571 WARN o.a.j.t.JMeterThread: Interrupting: Thread Group 1-36 sampler: HTTP Request
2023-11-27 14:45:51,571 INFO o.a.j.t.JMeterThread: Stopping: Thread Group 1-44
2023-11-27 14:45:51,572 WARN o.a.j.t.JMeterThread: Interrupting: Thread Group 1-44 sampler: HTTP Request
2023-11-27 14:45:51,572 INFO o.a.j.t.JMeterThread: Stopping: Thread Group 1-57
2023-11-27 14:45:51,572 WARN o.a.j.t.JMeterThread: Interrupting: Thread Group 1-57 sampler: HTTP Request
2023-11-27 14:45:51,572 INFO o.a.j.t.JMeterThread: Thread finished: Thread Group 1-65
2023-11-27 14:45:51,572 INFO o.a.j.t.JMeterThread: Stopping: Thread Group 1-49
2023-11-27 14:45:51,572 WARN o.a.j.t.JMeterThread: Interrupting: Thread Group 1-49 sampler: HTTP Request
2023-11-27 14:45:51,572 INFO o.a.j.t.JMeterThread: Thread finished: Thread Group 1-44
2023-11-27 14:45:51,572 INFO o.a.j.t.JMeterThread: Stopping: Thread Group 1-13
2023-11-27 14:45:51,572 INFO o.a.j.t.JMeterThread: Thread finished: Thread Group 1-36
2023-11-27 14:45:51,572 WARN o.a.j.t.JMeterThread: Interrupting: Thread Group 1-13 sampler: HTTP Request
2023-11-27 14:45:51,572 INFO o.a.j.t.JMeterThread: Stopping: Thread Group 1-33
2023-11-27 14:45:51,572 INFO o.a.j.t.JMeterThread: Stopping: Thread Group 1-94
2023-11-27 14:45:51,573 WARN o.a.j.t.JMeterThread: Interrupting: Thread Group 1-94 sampler: HTTP Request
2023-11-27 14:45:51,573 WARN o.a.j.t.JMeterThread: The delay timer was interrupted - probably did not wait as long as intended.
2023-11-27 14:45:51,573 INFO o.a.j.t.JMeterThread: Thread finished: Thread Group 1-33
2023-11-27 14:45:51,573 INFO o.a.j.t.JMeterThread: Stopping: Thread Group 1-89
2023-11-27 14:45:51,573 WARN o.a.j.t.JMeterThread: Interrupting: Thread Group 1-89 sampler: HTTP Request
2023-11-27 14:45:51,573 INFO o.a.j.t.JMeterThread: Thread finished: Thread Group 1-57
2023-11-27 14:45:51,573 INFO o.a.j.t.JMeterThread: Thread finished: Thread Group 1-13
2023-11-27 14:45:51,573 INFO o.a.j.t.JMeterThread: Stopping: Thread Group 1-26
2023-11-27 14:45:51,574 WARN o.a.j.t.JMeterThread: Interrupting: Thread Group 1-26 sampler: HTTP Request
2023-11-27 14:45:51,574 INFO o.a.j.t.JMeterThread: Stopping: Thread Group 1-87
2023-11-27 14:45:51,574 WARN o.a.j.t.JMeterThread: Interrupting: Thread Group 1-87 sampler: HTTP Request
2023-11-27 14:45:51,574 INFO o.a.j.t.JMeterThread: Thread finished: Thread Group 1-49
2023-11-27 14:45:51,575 INFO o.a.j.t.JMeterThread: Thread finished: Thread Group 1-89
2023-11-27 14:45:51,575 INFO o.a.j.t.JMeterThread: Thread finished: Thread Group 1-94
2023-11-27 14:45:51,575 INFO o.a.j.t.JMeterThread: Stopping: Thread Group 1-97
2023-11-27 14:45:51,575 WARN o.a.j.t.JMeterThread: Interrupting: Thread Group 1-97 sampler: HTTP Request
2023-11-27 14:45:51,575 INFO o.a.j.t.JMeterThread: Thread finished: Thread Group 1-23
2023-11-27 14:45:51,575 INFO o.a.j.t.JMeterThread: Stopping: Thread Group 1-70
2023-11-27 14:45:51,575 INFO o.a.j.t.JMeterThread: Thread finished: Thread Group 1-87
2023-11-27 14:45:51,575 WARN o.a.j.t.JMeterThread: Interrupting: Thread Group 1-70 sampler: HTTP Request
2023-11-27 14:45:51,575 INFO o.a.j.t.JMeterThread: Stopping: Thread Group 1-7
2023-11-27 14:45:51,575 WARN o.a.j.t.JMeterThread: Interrupting: Thread Group 1-7 sampler: HTTP Request
2023-11-27 14:45:51,575 INFO o.a.j.t.JMeterThread: Stopping: Thread Group 1-91
2023-11-27 14:45:51,576 WARN o.a.j.t.JMeterThread: Interrupting: Thread Group 1-91 sampler: HTTP Request
2023-11-27 14:45:51,576 INFO o.a.j.t.JMeterThread: Thread finished: Thread Group 1-97
2023-11-27 14:45:51,576 INFO o.a.j.t.JMeterThread: Stopping: Thread Group 1-20
2023-11-27 14:45:51,576 INFO o.a.j.t.JMeterThread: Thread finished: Thread Group 1-70
2023-11-27 14:45:51,576 INFO o.a.j.t.JMeterThread: Thread finished: Thread Group 1-7
2023-11-27 14:45:51,580 INFO o.a.j.t.JMeterThread: Thread finished: Thread Group 1-91
2023-11-27 14:45:51,580 WARN o.a.j.t.JMeterThread: Interrupting: Thread Group 1-20 sampler: HTTP Request
2023-11-27 14:45:51,581 INFO o.a.j.t.JMeterThread: Thread finished: Thread Group 1-26
2023-11-27 14:45:51,581 INFO o.a.j.t.JMeterThread: Stopping: Thread Group 1-86
2023-11-27 14:45:51,581 WARN o.a.j.t.JMeterThread: Interrupting: Thread Group 1-86 sampler: HTTP Request
2023-11-27 14:45:51,581 INFO o.a.j.t.JMeterThread: Stopping: Thread Group 1-88
2023-11-27 14:45:51,582 WARN o.a.j.t.JMeterThread: Interrupting: Thread Group 1-88 sampler: HTTP Request
2023-11-27 14:45:51,582 INFO o.a.j.t.JMeterThread: Thread finished: Thread Group 1-86
2023-11-27 14:45:51,582 INFO o.a.j.t.JMeterThread: Thread finished: Thread Group 1-20
2023-11-27 14:45:51,582 INFO o.a.j.t.JMeterThread: Stopping: Thread Group 1-10
2023-11-27 14:45:51,582 INFO o.a.j.t.JMeterThread: Thread finished: Thread Group 1-88
2023-11-27 14:45:51,583 WARN o.a.j.t.JMeterThread: Interrupting: Thread Group 1-10 sampler: HTTP Request
2023-11-27 14:45:51,583 INFO o.a.j.t.JMeterThread: Stopping: Thread Group 1-68
2023-11-27 14:45:51,583 WARN o.a.j.t.JMeterThread: Interrupting: Thread Group 1-68 sampler: HTTP Request
2023-11-27 14:45:51,583 INFO o.a.j.t.JMeterThread: Thread finished: Thread Group 1-10
2023-11-27 14:45:51,583 INFO o.a.j.t.JMeterThread: Thread finished: Thread Group 1-68
2023-11-27 14:45:51,583 INFO o.a.j.t.JMeterThread: Stopping: Thread Group 1-56
2023-11-27 14:45:51,583 WARN o.a.j.t.JMeterThread: Interrupting: Thread Group 1-56 sampler: HTTP Request
2023-11-27 14:45:51,584 INFO o.a.j.t.JMeterThread: Stopping: Thread Group 1-77
2023-11-27 14:45:51,584 WARN o.a.j.t.JMeterThread: Interrupting: Thread Group 1-77 sampler: HTTP Request
2023-11-27 14:45:51,584 INFO o.a.j.t.JMeterThread: Stopping: Thread Group 1-58
2023-11-27 14:45:51,584 WARN o.a.j.t.JMeterThread: Interrupting: Thread Group 1-58 sampler: HTTP Request
2023-11-27 14:45:51,584 INFO o.a.j.t.JMeterThread: Stopping: Thread Group 1-17
2023-11-27 14:45:51,584 WARN o.a.j.t.JMeterThread: Interrupting: Thread Group 1-17 sampler: HTTP Request
2023-11-27 14:45:51,584 INFO o.a.j.t.JMeterThread: Stopping: Thread Group 1-60
2023-11-27 14:45:51,584 INFO o.a.j.t.JMeterThread: Thread finished: Thread Group 1-77
2023-11-27 14:45:51,584 WARN o.a.j.t.JMeterThread: Interrupting: Thread Group 1-60 sampler: HTTP Request
2023-11-27 14:45:51,585 INFO o.a.j.t.JMeterThread: Thread finished: Thread Group 1-58
2023-11-27 14:45:51,585 INFO o.a.j.t.JMeterThread: Stopping: Thread Group 1-55
2023-11-27 14:45:51,585 WARN o.a.j.t.JMeterThread: Interrupting: Thread Group 1-55 sampler: HTTP Request
2023-11-27 14:45:51,585 INFO o.a.j.t.JMeterThread: Stopping: Thread Group 1-98
2023-11-27 14:45:51,585 WARN o.a.j.t.JMeterThread: Interrupting: Thread Group 1-98 sampler: HTTP Request
2023-11-27 14:45:51,585 INFO o.a.j.t.JMeterThread: Thread finished: Thread Group 1-56
2023-11-27 14:45:51,586 INFO o.a.j.t.JMeterThread: Stopping: Thread Group 1-34
2023-11-27 14:45:51,586 INFO o.a.j.t.JMeterThread: Stopping: Thread Group 1-29
2023-11-27 14:45:51,586 INFO o.a.j.t.JMeterThread: Thread finished: Thread Group 1-17
2023-11-27 14:45:51,586 WARN o.a.j.t.JMeterThread: The delay timer was interrupted - probably did not wait as long as intended.
2023-11-27 14:45:51,586 WARN o.a.j.t.JMeterThread: Interrupting: Thread Group 1-29 sampler: HTTP Request
2023-11-27 14:45:51,586 INFO o.a.j.t.JMeterThread: Thread finished: Thread Group 1-34
2023-11-27 14:45:51,586 INFO o.a.j.t.JMeterThread: Thread finished: Thread Group 1-55
2023-11-27 14:45:51,586 INFO o.a.j.t.JMeterThread: Stopping: Thread Group 1-18
2023-11-27 14:45:51,587 WARN o.a.j.t.JMeterThread: Interrupting: Thread Group 1-18 sampler: HTTP Request
2023-11-27 14:45:51,587 INFO o.a.j.t.JMeterThread: Stopping: Thread Group 1-14
2023-11-27 14:45:51,587 WARN o.a.j.t.JMeterThread: Interrupting: Thread Group 1-14 sampler: HTTP Request
2023-11-27 14:45:51,587 INFO o.a.j.t.JMeterThread: Thread finished: Thread Group 1-18
2023-11-27 14:45:51,587 INFO o.a.j.t.JMeterThread: Thread finished: Thread Group 1-29
2023-11-27 14:45:51,587 INFO o.a.j.t.JMeterThread: Stopping: Thread Group 1-40
2023-11-27 14:45:51,587 WARN o.a.j.t.JMeterThread: Interrupting: Thread Group 1-40 sampler: HTTP Request
2023-11-27 14:45:51,587 INFO o.a.j.t.JMeterThread: Thread finished: Thread Group 1-60
2023-11-27 14:45:51,587 INFO o.a.j.t.JMeterThread: Thread finished: Thread Group 1-98
2023-11-27 14:45:51,588 INFO o.a.j.t.JMeterThread: Stopping: Thread Group 1-4
2023-11-27 14:45:51,588 INFO o.a.j.t.JMeterThread: Thread finished: Thread Group 1-14
2023-11-27 14:45:51,589 INFO o.a.j.t.JMeterThread: Thread finished: Thread Group 1-40
2023-11-27 14:45:51,589 WARN o.a.j.t.JMeterThread: Interrupting: Thread Group 1-4 sampler: HTTP Request
2023-11-27 14:45:51,589 INFO o.a.j.t.JMeterThread: Stopping: Thread Group 1-47
2023-11-27 14:45:51,589 WARN o.a.j.t.JMeterThread: Interrupting: Thread Group 1-47 sampler: HTTP Request
2023-11-27 14:45:51,589 INFO o.a.j.t.JMeterThread: Stopping: Thread Group 1-64
2023-11-27 14:45:51,590 WARN o.a.j.t.JMeterThread: Interrupting: Thread Group 1-64 sampler: HTTP Request
2023-11-27 14:45:51,590 INFO o.a.j.t.JMeterThread: Stopping: Thread Group 1-50
2023-11-27 14:45:51,590 INFO o.a.j.t.JMeterThread: Thread finished: Thread Group 1-4
2023-11-27 14:45:51,590 WARN o.a.j.t.JMeterThread: Interrupting: Thread Group 1-50 sampler: HTTP Request
2023-11-27 14:45:51,590 INFO o.a.j.t.JMeterThread: Thread finished: Thread Group 1-47
2023-11-27 14:45:51,590 INFO o.a.j.t.JMeterThread: Stopping: Thread Group 1-53
2023-11-27 14:45:51,590 INFO o.a.j.t.JMeterThread: Thread finished: Thread Group 1-64
2023-11-27 14:45:51,591 WARN o.a.j.t.JMeterThread: Interrupting: Thread Group 1-53 sampler: HTTP Request
2023-11-27 14:45:51,591 INFO o.a.j.t.JMeterThread: Thread finished: Thread Group 1-50
2023-11-27 14:45:51,591 INFO o.a.j.t.JMeterThread: Stopping: Thread Group 1-41
2023-11-27 14:45:51,591 WARN o.a.j.t.JMeterThread: Interrupting: Thread Group 1-41 sampler: HTTP Request
2023-11-27 14:45:51,592 INFO o.a.j.t.JMeterThread: Stopping: Thread Group 1-32
2023-11-27 14:45:51,592 WARN o.a.j.t.JMeterThread: The delay timer was interrupted - probably did not wait as long as intended.
2023-11-27 14:45:51,592 INFO o.a.j.t.JMeterThread: Thread finished: Thread Group 1-32
2023-11-27 14:45:51,592 INFO o.a.j.t.JMeterThread: Thread finished: Thread Group 1-53
2023-11-27 14:45:51,592 INFO o.a.j.t.JMeterThread: Thread finished: Thread Group 1-41
2023-11-27 14:45:51,592 INFO o.a.j.t.JMeterThread: Stopping: Thread Group 1-37
2023-11-27 14:45:51,592 WARN o.a.j.t.JMeterThread: Interrupting: Thread Group 1-37 sampler: HTTP Request
2023-11-27 14:45:51,593 INFO o.a.j.t.JMeterThread: Stopping: Thread Group 1-79
2023-11-27 14:45:51,593 WARN o.a.j.t.JMeterThread: Interrupting: Thread Group 1-79 sampler: HTTP Request
2023-11-27 14:45:51,593 INFO o.a.j.t.JMeterThread: Stopping: Thread Group 1-11
2023-11-27 14:45:51,593 WARN o.a.j.t.JMeterThread: Interrupting: Thread Group 1-11 sampler: HTTP Request
2023-11-27 14:45:51,593 INFO o.a.j.t.JMeterThread: Stopping: Thread Group 1-74
2023-11-27 14:45:51,593 WARN o.a.j.t.JMeterThread: Interrupting: Thread Group 1-74 sampler: HTTP Request
2023-11-27 14:45:51,593 INFO o.a.j.t.JMeterThread: Thread finished: Thread Group 1-37
2023-11-27 14:45:51,593 INFO o.a.j.t.JMeterThread: Thread finished: Thread Group 1-79
2023-11-27 14:45:51,594 INFO o.a.j.t.JMeterThread: Stopping: Thread Group 1-22
2023-11-27 14:45:51,594 WARN o.a.j.t.JMeterThread: Interrupting: Thread Group 1-22 sampler: HTTP Request
2023-11-27 14:45:51,594 INFO o.a.j.t.JMeterThread: Thread finished: Thread Group 1-11
2023-11-27 14:45:51,594 INFO o.a.j.t.JMeterThread: Thread finished: Thread Group 1-74
2023-11-27 14:45:51,594 INFO o.a.j.t.JMeterThread: Stopping: Thread Group 1-71
2023-11-27 14:45:51,594 WARN o.a.j.t.JMeterThread: Interrupting: Thread Group 1-71 sampler: HTTP Request
2023-11-27 14:45:51,594 INFO o.a.j.t.JMeterThread: Thread finished: Thread Group 1-22
2023-11-27 14:45:51,594 INFO o.a.j.t.JMeterThread: Stopping: Thread Group 1-38
2023-11-27 14:45:51,594 WARN o.a.j.t.JMeterThread: Interrupting: Thread Group 1-38 sampler: HTTP Request
2023-11-27 14:45:51,595 INFO o.a.j.t.JMeterThread: Stopping: Thread Group 1-51
2023-11-27 14:45:51,595 WARN o.a.j.t.JMeterThread: Interrupting: Thread Group 1-51 sampler: HTTP Request
2023-11-27 14:45:51,595 INFO o.a.j.t.JMeterThread: Stopping: Thread Group 1-43
2023-11-27 14:45:51,595 WARN o.a.j.t.JMeterThread: Interrupting: Thread Group 1-43 sampler: HTTP Request
2023-11-27 14:45:51,595 INFO o.a.j.t.JMeterThread: Stopping: Thread Group 1-83
2023-11-27 14:45:51,595 WARN o.a.j.t.JMeterThread: Interrupting: Thread Group 1-83 sampler: HTTP Request
2023-11-27 14:45:51,595 INFO o.a.j.t.JMeterThread: Stopping: Thread Group 1-24
2023-11-27 14:45:51,595 INFO o.a.j.t.JMeterThread: Thread finished: Thread Group 1-38
2023-11-27 14:45:51,595 INFO o.a.j.t.JMeterThread: Thread finished: Thread Group 1-51
2023-11-27 14:45:51,595 WARN o.a.j.t.JMeterThread: Interrupting: Thread Group 1-24 sampler: HTTP Request
2023-11-27 14:45:51,596 INFO o.a.j.t.JMeterThread: Stopping: Thread Group 1-61
2023-11-27 14:45:51,596 WARN o.a.j.t.JMeterThread: Interrupting: Thread Group 1-61 sampler: HTTP Request
2023-11-27 14:45:51,596 INFO o.a.j.t.JMeterThread: Thread finished: Thread Group 1-71
2023-11-27 14:45:51,596 INFO o.a.j.t.JMeterThread: Thread finished: Thread Group 1-43
2023-11-27 14:45:51,596 INFO o.a.j.t.JMeterThread: Stopping: Thread Group 1-19
2023-11-27 14:45:51,597 INFO o.a.j.t.JMeterThread: Thread finished: Thread Group 1-61
2023-11-27 14:45:51,597 INFO o.a.j.t.JMeterThread: Thread finished: Thread Group 1-24
2023-11-27 14:45:51,597 INFO o.a.j.t.JMeterThread: Thread finished: Thread Group 1-83
2023-11-27 14:45:51,598 WARN o.a.j.t.JMeterThread: Interrupting: Thread Group 1-19 sampler: HTTP Request
2023-11-27 14:45:51,598 INFO o.a.j.t.JMeterThread: Stopping: Thread Group 1-100
2023-11-27 14:45:51,598 WARN o.a.j.t.JMeterThread: Interrupting: Thread Group 1-100 sampler: HTTP Request
2023-11-27 14:45:51,598 INFO o.a.j.t.JMeterThread: Stopping: Thread Group 1-9
2023-11-27 14:45:51,598 INFO o.a.j.t.JMeterThread: Thread finished: Thread Group 1-19
2023-11-27 14:45:51,599 WARN o.a.j.t.JMeterThread: Interrupting: Thread Group 1-9 sampler: HTTP Request
2023-11-27 14:45:51,599 INFO o.a.j.t.JMeterThread: Stopping: Thread Group 1-6
2023-11-27 14:45:51,599 WARN o.a.j.t.JMeterThread: Interrupting: Thread Group 1-6 sampler: HTTP Request
2023-11-27 14:45:51,599 INFO o.a.j.t.JMeterThread: Stopping: Thread Group 1-73
2023-11-27 14:45:51,599 WARN o.a.j.t.JMeterThread: Interrupting: Thread Group 1-73 sampler: HTTP Request
2023-11-27 14:45:51,599 INFO o.a.j.t.JMeterThread: Stopping: Thread Group 1-85
2023-11-27 14:45:51,599 INFO o.a.j.t.JMeterThread: Thread finished: Thread Group 1-9
2023-11-27 14:45:51,599 WARN o.a.j.t.JMeterThread: Interrupting: Thread Group 1-85 sampler: HTTP Request
2023-11-27 14:45:51,599 INFO o.a.j.t.JMeterThread: Stopping: Thread Group 1-25
2023-11-27 14:45:51,599 WARN o.a.j.t.JMeterThread: Interrupting: Thread Group 1-25 sampler: HTTP Request
2023-11-27 14:45:51,599 INFO o.a.j.t.JMeterThread: Thread finished: Thread Group 1-6
2023-11-27 14:45:51,599 INFO o.a.j.t.JMeterThread: Stopping: Thread Group 1-42
2023-11-27 14:45:51,599 WARN o.a.j.t.JMeterThread: Interrupting: Thread Group 1-42 sampler: HTTP Request
2023-11-27 14:45:51,600 INFO o.a.j.t.JMeterThread: Thread finished: Thread Group 1-73
2023-11-27 14:45:51,600 INFO o.a.j.t.JMeterThread: Thread finished: Thread Group 1-100
2023-11-27 14:45:51,601 INFO o.a.j.t.JMeterThread: Stopping: Thread Group 1-80
2023-11-27 14:45:51,601 INFO o.a.j.t.JMeterThread: Thread finished: Thread Group 1-25
2023-11-27 14:45:51,601 INFO o.a.j.t.JMeterThread: Thread finished: Thread Group 1-85
2023-11-27 14:45:51,601 INFO o.a.j.t.JMeterThread: Thread finished: Thread Group 1-42
2023-11-27 14:45:51,601 WARN o.a.j.t.JMeterThread: Interrupting: Thread Group 1-80 sampler: HTTP Request
2023-11-27 14:45:51,601 INFO o.a.j.t.JMeterThread: Stopping: Thread Group 1-52
2023-11-27 14:45:51,601 WARN o.a.j.t.JMeterThread: Interrupting: Thread Group 1-52 sampler: HTTP Request
2023-11-27 14:45:51,602 INFO o.a.j.t.JMeterThread: Thread finished: Thread Group 1-80
2023-11-27 14:45:51,602 INFO o.a.j.t.JMeterThread: Thread finished: Thread Group 1-52
2023-11-27 14:45:51,603 INFO o.a.j.t.JMeterThread: Stopping: Thread Group 1-2
2023-11-27 14:45:51,603 WARN o.a.j.t.JMeterThread: Interrupting: Thread Group 1-2 sampler: HTTP Request
2023-11-27 14:45:51,603 INFO o.a.j.t.JMeterThread: Stopping: Thread Group 1-16
2023-11-27 14:45:51,603 WARN o.a.j.t.JMeterThread: Interrupting: Thread Group 1-16 sampler: HTTP Request
2023-11-27 14:45:51,603 INFO o.a.j.t.JMeterThread: Stopping: Thread Group 1-28
2023-11-27 14:45:51,603 WARN o.a.j.t.JMeterThread: Interrupting: Thread Group 1-28 sampler: HTTP Request
2023-11-27 14:45:51,604 INFO o.a.j.t.JMeterThread: Thread finished: Thread Group 1-16
2023-11-27 14:45:51,604 INFO o.a.j.t.JMeterThread: Thread finished: Thread Group 1-2
2023-11-27 14:45:51,604 INFO o.a.j.t.JMeterThread: Thread finished: Thread Group 1-28
2023-11-27 14:45:51,604 INFO o.a.j.t.JMeterThread: Stopping: Thread Group 1-99
2023-11-27 14:45:51,604 WARN o.a.j.t.JMeterThread: Interrupting: Thread Group 1-99 sampler: HTTP Request
2023-11-27 14:45:51,605 INFO o.a.j.t.JMeterThread: Stopping: Thread Group 1-5
2023-11-27 14:45:51,606 WARN o.a.j.t.JMeterThread: Interrupting: Thread Group 1-5 sampler: HTTP Request
2023-11-27 14:45:51,606 INFO o.a.j.t.JMeterThread: Thread finished: Thread Group 1-99
2023-11-27 14:45:51,606 INFO o.a.j.t.JMeterThread: Thread finished: Thread Group 1-5
2023-11-27 14:45:51,606 INFO o.a.j.t.JMeterThread: Stopping: Thread Group 1-39
2023-11-27 14:45:51,607 WARN o.a.j.t.JMeterThread: Interrupting: Thread Group 1-39 sampler: HTTP Request
2023-11-27 14:45:51,607 INFO o.a.j.t.JMeterThread: Stopping: Thread Group 1-62
2023-11-27 14:45:51,607 WARN o.a.j.t.JMeterThread: Interrupting: Thread Group 1-62 sampler: HTTP Request
2023-11-27 14:45:51,607 INFO o.a.j.t.JMeterThread: Thread finished: Thread Group 1-39
2023-11-27 14:45:51,608 INFO o.a.j.t.JMeterThread: Thread finished: Thread Group 1-62
2023-11-27 14:45:51,608 INFO o.a.j.t.JMeterThread: Stopping: Thread Group 1-72
2023-11-27 14:45:51,608 WARN o.a.j.t.JMeterThread: Interrupting: Thread Group 1-72 sampler: HTTP Request
2023-11-27 14:45:51,608 INFO o.a.j.t.JMeterThread: Stopping: Thread Group 1-48
2023-11-27 14:45:51,608 WARN o.a.j.t.JMeterThread: Interrupting: Thread Group 1-48 sampler: HTTP Request
2023-11-27 14:45:51,609 INFO o.a.j.t.JMeterThread: Thread finished: Thread Group 1-72
2023-11-27 14:45:51,609 INFO o.a.j.t.JMeterThread: Thread finished: Thread Group 1-48
2023-11-27 14:45:51,610 INFO o.a.j.e.StandardJMeterEngine: Notifying test listeners of end of test
2023-11-27 14:45:51,610 INFO o.a.j.g.u.JMeterMenuBar: setRunning(false, *local*)
2023-11-27 14:46:07,340 INFO o.a.j.e.StandardJMeterEngine: Running the test!
2023-11-27 14:46:07,340 INFO o.a.j.s.SampleEvent: List of sample_variables: []
2023-11-27 14:46:07,341 INFO o.a.j.g.u.JMeterMenuBar: setRunning(true, *local*)
2023-11-27 14:46:07,397 INFO o.a.j.e.StandardJMeterEngine: Starting ThreadGroup: 1 : Thread Group
2023-11-27 14:46:07,397 INFO o.a.j.e.StandardJMeterEngine: Starting 100 threads for group Thread Group.
2023-11-27 14:46:07,397 INFO o.a.j.e.StandardJMeterEngine: Thread will continue on error
2023-11-27 14:46:07,397 INFO o.a.j.t.ThreadGroup: Starting thread group... number=1 threads=100 ramp-up=1 delayedStart=false
2023-11-27 14:46:07,399 INFO o.a.j.t.JMeterThread: Thread started: Thread Group 1-1
2023-11-27 14:46:07,408 INFO o.a.j.t.JMeterThread: Thread started: Thread Group 1-2
2023-11-27 14:46:07,418 INFO o.a.j.t.JMeterThread: Thread started: Thread Group 1-3
2023-11-27 14:46:07,428 INFO o.a.j.t.JMeterThread: Thread started: Thread Group 1-4
2023-11-27 14:46:07,430 INFO o.a.j.t.ThreadGroup: Started thread group number 1
2023-11-27 14:46:07,430 INFO o.a.j.e.StandardJMeterEngine: All thread groups have been started
2023-11-27 14:46:07,438 INFO o.a.j.t.JMeterThread: Thread started: Thread Group 1-5
2023-11-27 14:46:07,447 INFO o.a.j.t.JMeterThread: Thread started: Thread Group 1-6
2023-11-27 14:46:07,458 INFO o.a.j.t.JMeterThread: Thread started: Thread Group 1-7
2023-11-27 14:46:07,467 INFO o.a.j.t.JMeterThread: Thread started: Thread Group 1-8
2023-11-27 14:46:07,478 INFO o.a.j.t.JMeterThread: Thread started: Thread Group 1-9
2023-11-27 14:46:07,488 INFO o.a.j.t.JMeterThread: Thread started: Thread Group 1-10
2023-11-27 14:46:07,498 INFO o.a.j.t.JMeterThread: Thread started: Thread Group 1-11
2023-11-27 14:46:07,508 INFO o.a.j.t.JMeterThread: Thread started: Thread Group 1-12
2023-11-27 14:46:07,517 INFO o.a.j.t.JMeterThread: Thread started: Thread Group 1-13
2023-11-27 14:46:07,528 INFO o.a.j.t.JMeterThread: Thread started: Thread Group 1-14
2023-11-27 14:46:07,537 INFO o.a.j.t.JMeterThread: Thread started: Thread Group 1-15
2023-11-27 14:46:07,548 INFO o.a.j.t.JMeterThread: Thread started: Thread Group 1-16
2023-11-27 14:46:07,558 INFO o.a.j.t.JMeterThread: Thread started: Thread Group 1-17
2023-11-27 14:46:07,568 INFO o.a.j.t.JMeterThread: Thread started: Thread Group 1-18
2023-11-27 14:46:07,578 INFO o.a.j.t.JMeterThread: Thread started: Thread Group 1-19
2023-11-27 14:46:07,588 INFO o.a.j.t.JMeterThread: Thread started: Thread Group 1-20
2023-11-27 14:46:07,598 INFO o.a.j.t.JMeterThread: Thread started: Thread Group 1-21
2023-11-27 14:46:07,608 INFO o.a.j.t.JMeterThread: Thread started: Thread Group 1-22
2023-11-27 14:46:07,618 INFO o.a.j.t.JMeterThread: Thread started: Thread Group 1-23
2023-11-27 14:46:07,628 INFO o.a.j.t.JMeterThread: Thread started: Thread Group 1-24
2023-11-27 14:46:07,638 INFO o.a.j.t.JMeterThread: Thread started: Thread Group 1-25
2023-11-27 14:46:07,648 INFO o.a.j.t.JMeterThread: Thread started: Thread Group 1-26
2023-11-27 14:46:07,658 INFO o.a.j.t.JMeterThread: Thread started: Thread Group 1-27
2023-11-27 14:46:07,668 INFO o.a.j.t.JMeterThread: Thread started: Thread Group 1-28
2023-11-27 14:46:07,678 INFO o.a.j.t.JMeterThread: Thread started: Thread Group 1-29
2023-11-27 14:46:07,688 INFO o.a.j.t.JMeterThread: Thread started: Thread Group 1-30
2023-11-27 14:46:07,698 INFO o.a.j.t.JMeterThread: Thread started: Thread Group 1-31
2023-11-27 14:46:07,708 INFO o.a.j.t.JMeterThread: Thread started: Thread Group 1-32
2023-11-27 14:46:07,718 INFO o.a.j.t.JMeterThread: Thread started: Thread Group 1-33
2023-11-27 14:46:07,727 INFO o.a.j.t.JMeterThread: Thread started: Thread Group 1-34
2023-11-27 14:46:07,737 INFO o.a.j.t.JMeterThread: Thread started: Thread Group 1-35
2023-11-27 14:46:07,748 INFO o.a.j.t.JMeterThread: Thread started: Thread Group 1-36
2023-11-27 14:46:07,758 INFO o.a.j.t.JMeterThread: Thread started: Thread Group 1-37
2023-11-27 14:46:07,767 INFO o.a.j.t.JMeterThread: Thread started: Thread Group 1-38
2023-11-27 14:46:07,778 INFO o.a.j.t.JMeterThread: Thread started: Thread Group 1-39
2023-11-27 14:46:07,788 INFO o.a.j.t.JMeterThread: Thread started: Thread Group 1-40
2023-11-27 14:46:07,797 INFO o.a.j.t.JMeterThread: Thread started: Thread Group 1-41
2023-11-27 14:46:07,807 INFO o.a.j.t.JMeterThread: Thread started: Thread Group 1-42
2023-11-27 14:46:07,817 INFO o.a.j.t.JMeterThread: Thread started: Thread Group 1-43
2023-11-27 14:46:07,828 INFO o.a.j.t.JMeterThread: Thread started: Thread Group 1-44
2023-11-27 14:46:07,838 INFO o.a.j.t.JMeterThread: Thread started: Thread Group 1-45
2023-11-27 14:46:07,848 INFO o.a.j.t.JMeterThread: Thread started: Thread Group 1-46
2023-11-27 14:46:07,857 INFO o.a.j.t.JMeterThread: Thread started: Thread Group 1-47
2023-11-27 14:46:07,867 INFO o.a.j.t.JMeterThread: Thread started: Thread Group 1-48
2023-11-27 14:46:07,877 INFO o.a.j.t.JMeterThread: Thread started: Thread Group 1-49
2023-11-27 14:46:07,888 INFO o.a.j.t.JMeterThread: Thread started: Thread Group 1-50
2023-11-27 14:46:07,898 INFO o.a.j.t.JMeterThread: Thread started: Thread Group 1-51
2023-11-27 14:46:07,907 INFO o.a.j.t.JMeterThread: Thread started: Thread Group 1-52
2023-11-27 14:46:07,918 INFO o.a.j.t.JMeterThread: Thread started: Thread Group 1-53
2023-11-27 14:46:07,928 INFO o.a.j.t.JMeterThread: Thread started: Thread Group 1-54
2023-11-27 14:46:07,937 INFO o.a.j.t.JMeterThread: Thread started: Thread Group 1-55
2023-11-27 14:46:07,947 INFO o.a.j.t.JMeterThread: Thread started: Thread Group 1-56
2023-11-27 14:46:07,958 INFO o.a.j.t.JMeterThread: Thread started: Thread Group 1-57
2023-11-27 14:46:07,968 INFO o.a.j.t.JMeterThread: Thread started: Thread Group 1-58
2023-11-27 14:46:07,979 INFO o.a.j.t.JMeterThread: Thread started: Thread Group 1-59
2023-11-27 14:46:07,988 INFO o.a.j.t.JMeterThread: Thread started: Thread Group 1-60
2023-11-27 14:46:07,997 INFO o.a.j.t.JMeterThread: Thread started: Thread Group 1-61
2023-11-27 14:46:08,008 INFO o.a.j.t.JMeterThread: Thread started: Thread Group 1-62
2023-11-27 14:46:08,018 INFO o.a.j.t.JMeterThread: Thread started: Thread Group 1-63
2023-11-27 14:46:08,028 INFO o.a.j.t.JMeterThread: Thread started: Thread Group 1-64
2023-11-27 14:46:08,037 INFO o.a.j.t.JMeterThread: Thread started: Thread Group 1-65
2023-11-27 14:46:08,048 INFO o.a.j.t.JMeterThread: Thread started: Thread Group 1-66
2023-11-27 14:46:08,058 INFO o.a.j.t.JMeterThread: Thread started: Thread Group 1-67
2023-11-27 14:46:08,068 INFO o.a.j.t.JMeterThread: Thread started: Thread Group 1-68
2023-11-27 14:46:08,077 INFO o.a.j.t.JMeterThread: Thread started: Thread Group 1-69
2023-11-27 14:46:08,087 INFO o.a.j.t.JMeterThread: Thread started: Thread Group 1-70
2023-11-27 14:46:08,098 INFO o.a.j.t.JMeterThread: Thread started: Thread Group 1-71
2023-11-27 14:46:08,108 INFO o.a.j.t.JMeterThread: Thread started: Thread Group 1-72
2023-11-27 14:46:08,118 INFO o.a.j.t.JMeterThread: Thread started: Thread Group 1-73
2023-11-27 14:46:08,127 INFO o.a.j.t.JMeterThread: Thread started: Thread Group 1-74
2023-11-27 14:46:08,138 INFO o.a.j.t.JMeterThread: Thread started: Thread Group 1-75
2023-11-27 14:46:08,148 INFO o.a.j.t.JMeterThread: Thread started: Thread Group 1-76
2023-11-27 14:46:08,158 INFO o.a.j.t.JMeterThread: Thread started: Thread Group 1-77
2023-11-27 14:46:08,167 INFO o.a.j.t.JMeterThread: Thread started: Thread Group 1-78
2023-11-27 14:46:08,178 INFO o.a.j.t.JMeterThread: Thread started: Thread Group 1-79
2023-11-27 14:46:08,188 INFO o.a.j.t.JMeterThread: Thread started: Thread Group 1-80
2023-11-27 14:46:08,198 INFO o.a.j.t.JMeterThread: Thread started: Thread Group 1-81
2023-11-27 14:46:08,208 INFO o.a.j.t.JMeterThread: Thread started: Thread Group 1-82
2023-11-27 14:46:08,218 INFO o.a.j.t.JMeterThread: Thread started: Thread Group 1-83
2023-11-27 14:46:08,227 INFO o.a.j.t.JMeterThread: Thread started: Thread Group 1-84
2023-11-27 14:46:08,238 INFO o.a.j.t.JMeterThread: Thread started: Thread Group 1-85
2023-11-27 14:46:08,248 INFO o.a.j.t.JMeterThread: Thread started: Thread Group 1-86
2023-11-27 14:46:08,258 INFO o.a.j.t.JMeterThread: Thread started: Thread Group 1-87
2023-11-27 14:46:08,267 INFO o.a.j.t.JMeterThread: Thread started: Thread Group 1-88
2023-11-27 14:46:08,277 INFO o.a.j.t.JMeterThread: Thread started: Thread Group 1-89
2023-11-27 14:46:08,287 INFO o.a.j.t.JMeterThread: Thread started: Thread Group 1-90
2023-11-27 14:46:08,298 INFO o.a.j.t.JMeterThread: Thread started: Thread Group 1-91
2023-11-27 14:46:08,308 INFO o.a.j.t.JMeterThread: Thread started: Thread Group 1-92
2023-11-27 14:46:08,317 INFO o.a.j.t.JMeterThread: Thread started: Thread Group 1-93
2023-11-27 14:46:08,327 INFO o.a.j.t.JMeterThread: Thread started: Thread Group 1-94
2023-11-27 14:46:08,337 INFO o.a.j.t.JMeterThread: Thread started: Thread Group 1-95
2023-11-27 14:46:08,348 INFO o.a.j.t.JMeterThread: Thread started: Thread Group 1-96
2023-11-27 14:46:08,359 INFO o.a.j.t.JMeterThread: Thread started: Thread Group 1-97
2023-11-27 14:46:08,368 INFO o.a.j.t.JMeterThread: Thread started: Thread Group 1-98
2023-11-27 14:46:08,378 INFO o.a.j.t.JMeterThread: Thread started: Thread Group 1-99
2023-11-27 14:46:08,388 INFO o.a.j.t.JMeterThread: Thread started: Thread Group 1-100
2023-11-27 16:55:07,352 INFO o.a.j.g.a.Start: Shutting test down
2023-11-27 16:55:07,370 INFO o.a.j.t.JMeterThread: Stopping: Thread Group 1-41
2023-11-27 16:55:07,370 INFO o.a.j.t.JMeterThread: Stopping: Thread Group 1-33
2023-11-27 16:55:07,370 INFO o.a.j.t.JMeterThread: Stopping: Thread Group 1-86
2023-11-27 16:55:07,370 INFO o.a.j.t.JMeterThread: Stopping: Thread Group 1-1
2023-11-27 16:55:07,370 INFO o.a.j.t.JMeterThread: Stopping: Thread Group 1-4
2023-11-27 16:55:07,370 INFO o.a.j.t.JMeterThread: Stopping: Thread Group 1-52
2023-11-27 16:55:07,370 INFO o.a.j.t.JMeterThread: Stopping: Thread Group 1-3
2023-11-27 16:55:07,370 INFO o.a.j.t.JMeterThread: Stopping: Thread Group 1-70
2023-11-27 16:55:07,370 INFO o.a.j.t.JMeterThread: Stopping: Thread Group 1-95
2023-11-27 16:55:07,370 INFO o.a.j.t.JMeterThread: Stopping: Thread Group 1-90
2023-11-27 16:55:07,371 INFO o.a.j.t.JMeterThread: Stopping: Thread Group 1-13
2023-11-27 16:55:07,371 INFO o.a.j.t.JMeterThread: Stopping: Thread Group 1-18
2023-11-27 16:55:07,371 INFO o.a.j.t.JMeterThread: Stopping: Thread Group 1-7
2023-11-27 16:55:07,371 INFO o.a.j.t.JMeterThread: Stopping: Thread Group 1-84
2023-11-27 16:55:07,371 INFO o.a.j.t.JMeterThread: Stopping: Thread Group 1-54
2023-11-27 16:55:07,371 INFO o.a.j.t.JMeterThread: Stopping: Thread Group 1-25
2023-11-27 16:55:07,371 INFO o.a.j.t.JMeterThread: Stopping: Thread Group 1-10
2023-11-27 16:55:07,371 INFO o.a.j.t.JMeterThread: Stopping: Thread Group 1-44
2023-11-27 16:55:07,371 INFO o.a.j.t.JMeterThread: Stopping: Thread Group 1-75
2023-11-27 16:55:07,371 INFO o.a.j.t.JMeterThread: Stopping: Thread Group 1-48
2023-11-27 16:55:07,371 INFO o.a.j.t.JMeterThread: Stopping: Thread Group 1-6
2023-11-27 16:55:07,371 INFO o.a.j.t.JMeterThread: Stopping: Thread Group 1-26
2023-11-27 16:55:07,371 INFO o.a.j.t.JMeterThread: Stopping: Thread Group 1-47
2023-11-27 16:55:07,371 INFO o.a.j.t.JMeterThread: Stopping: Thread Group 1-100
2023-11-27 16:55:07,371 INFO o.a.j.t.JMeterThread: Stopping: Thread Group 1-2
2023-11-27 16:55:07,371 INFO o.a.j.t.JMeterThread: Stopping: Thread Group 1-20
2023-11-27 16:55:07,371 INFO o.a.j.t.JMeterThread: Stopping: Thread Group 1-21
2023-11-27 16:55:07,371 INFO o.a.j.t.JMeterThread: Stopping: Thread Group 1-34
2023-11-27 16:55:07,371 INFO o.a.j.t.JMeterThread: Stopping: Thread Group 1-24
2023-11-27 16:55:07,371 INFO o.a.j.t.JMeterThread: Stopping: Thread Group 1-67
2023-11-27 16:55:07,371 INFO o.a.j.t.JMeterThread: Stopping: Thread Group 1-66
2023-11-27 16:55:07,371 INFO o.a.j.t.JMeterThread: Stopping: Thread Group 1-93
2023-11-27 16:55:07,371 INFO o.a.j.t.JMeterThread: Stopping: Thread Group 1-45
2023-11-27 16:55:07,371 INFO o.a.j.t.JMeterThread: Stopping: Thread Group 1-88
2023-11-27 16:55:07,371 INFO o.a.j.t.JMeterThread: Stopping: Thread Group 1-65
2023-11-27 16:55:07,371 INFO o.a.j.t.JMeterThread: Stopping: Thread Group 1-28
2023-11-27 16:55:07,371 INFO o.a.j.t.JMeterThread: Stopping: Thread Group 1-74
2023-11-27 16:55:07,371 INFO o.a.j.t.JMeterThread: Stopping: Thread Group 1-40
2023-11-27 16:55:07,371 INFO o.a.j.t.JMeterThread: Stopping: Thread Group 1-35
2023-11-27 16:55:07,371 INFO o.a.j.t.JMeterThread: Stopping: Thread Group 1-76
2023-11-27 16:55:07,371 INFO o.a.j.t.JMeterThread: Stopping: Thread Group 1-30
2023-11-27 16:55:07,372 INFO o.a.j.t.JMeterThread: Stopping: Thread Group 1-69
2023-11-27 16:55:07,372 INFO o.a.j.t.JMeterThread: Stopping: Thread Group 1-78
2023-11-27 16:55:07,372 INFO o.a.j.t.JMeterThread: Stopping: Thread Group 1-83
2023-11-27 16:55:07,372 INFO o.a.j.t.JMeterThread: Stopping: Thread Group 1-96
2023-11-27 16:55:07,372 INFO o.a.j.t.JMeterThread: Stopping: Thread Group 1-39
2023-11-27 16:55:07,372 INFO o.a.j.t.JMeterThread: Stopping: Thread Group 1-58
2023-11-27 16:55:07,372 INFO o.a.j.t.JMeterThread: Stopping: Thread Group 1-63
2023-11-27 16:55:07,372 INFO o.a.j.t.JMeterThread: Stopping: Thread Group 1-79
2023-11-27 16:55:07,372 INFO o.a.j.t.JMeterThread: Stopping: Thread Group 1-71
2023-11-27 16:55:07,372 INFO o.a.j.t.JMeterThread: Stopping: Thread Group 1-11
2023-11-27 16:55:07,372 INFO o.a.j.t.JMeterThread: Stopping: Thread Group 1-61
2023-11-27 16:55:07,372 INFO o.a.j.t.JMeterThread: Stopping: Thread Group 1-36
2023-11-27 16:55:07,372 INFO o.a.j.t.JMeterThread: Stopping: Thread Group 1-77
2023-11-27 16:55:07,372 INFO o.a.j.t.JMeterThread: Stopping: Thread Group 1-92
2023-11-27 16:55:07,372 INFO o.a.j.t.JMeterThread: Stopping: Thread Group 1-31
2023-11-27 16:55:07,372 INFO o.a.j.t.JMeterThread: Stopping: Thread Group 1-72
2023-11-27 16:55:07,372 INFO o.a.j.t.JMeterThread: Stopping: Thread Group 1-85
2023-11-27 16:55:07,372 INFO o.a.j.t.JMeterThread: Stopping: Thread Group 1-53
2023-11-27 16:55:07,372 INFO o.a.j.t.JMeterThread: Stopping: Thread Group 1-57
2023-11-27 16:55:07,372 INFO o.a.j.t.JMeterThread: Stopping: Thread Group 1-32
2023-11-27 16:55:07,372 INFO o.a.j.t.JMeterThread: Stopping: Thread Group 1-60
2023-11-27 16:55:07,372 INFO o.a.j.t.JMeterThread: Stopping: Thread Group 1-49
2023-11-27 16:55:07,372 INFO o.a.j.t.JMeterThread: Stopping: Thread Group 1-37
2023-11-27 16:55:07,372 INFO o.a.j.t.JMeterThread: Stopping: Thread Group 1-14
2023-11-27 16:55:07,372 INFO o.a.j.t.JMeterThread: Stopping: Thread Group 1-5
2023-11-27 16:55:07,372 INFO o.a.j.t.JMeterThread: Stopping: Thread Group 1-91
2023-11-27 16:55:07,372 INFO o.a.j.t.JMeterThread: Stopping: Thread Group 1-16
2023-11-27 16:55:07,372 INFO o.a.j.t.JMeterThread: Stopping: Thread Group 1-17
2023-11-27 16:55:07,372 INFO o.a.j.t.JMeterThread: Stopping: Thread Group 1-89
2023-11-27 16:55:07,372 INFO o.a.j.t.JMeterThread: Stopping: Thread Group 1-56
2023-11-27 16:55:07,372 INFO o.a.j.t.JMeterThread: Stopping: Thread Group 1-87
2023-11-27 16:55:07,373 INFO o.a.j.t.JMeterThread: Stopping: Thread Group 1-8
2023-11-27 16:55:07,373 INFO o.a.j.t.JMeterThread: Stopping: Thread Group 1-98
2023-11-27 16:55:07,373 INFO o.a.j.t.JMeterThread: Stopping: Thread Group 1-81
2023-11-27 16:55:07,373 INFO o.a.j.t.JMeterThread: Stopping: Thread Group 1-68
2023-11-27 16:55:07,373 INFO o.a.j.t.JMeterThread: Stopping: Thread Group 1-27
2023-11-27 16:55:07,373 INFO o.a.j.t.JMeterThread: Stopping: Thread Group 1-55
2023-11-27 16:55:07,373 INFO o.a.j.t.JMeterThread: Stopping: Thread Group 1-22
2023-11-27 16:55:07,373 INFO o.a.j.t.JMeterThread: Stopping: Thread Group 1-15
2023-11-27 16:55:07,373 INFO o.a.j.t.JMeterThread: Stopping: Thread Group 1-38
2023-11-27 16:55:07,373 INFO o.a.j.t.JMeterThread: Stopping: Thread Group 1-80
2023-11-27 16:55:07,373 INFO o.a.j.t.JMeterThread: Stopping: Thread Group 1-64
2023-11-27 16:55:07,373 INFO o.a.j.t.JMeterThread: Stopping: Thread Group 1-50
2023-11-27 16:55:07,373 INFO o.a.j.t.JMeterThread: Stopping: Thread Group 1-73
2023-11-27 16:55:07,373 INFO o.a.j.t.JMeterThread: Stopping: Thread Group 1-94
2023-11-27 16:55:07,373 INFO o.a.j.t.JMeterThread: Stopping: Thread Group 1-23
2023-11-27 16:55:07,373 INFO o.a.j.t.JMeterThread: Stopping: Thread Group 1-97
2023-11-27 16:55:07,373 INFO o.a.j.t.JMeterThread: Stopping: Thread Group 1-62
2023-11-27 16:55:07,373 INFO o.a.j.t.JMeterThread: Stopping: Thread Group 1-99
2023-11-27 16:55:07,373 INFO o.a.j.t.JMeterThread: Stopping: Thread Group 1-59
2023-11-27 16:55:07,373 INFO o.a.j.t.JMeterThread: Stopping: Thread Group 1-9
2023-11-27 16:55:07,373 INFO o.a.j.t.JMeterThread: Stopping: Thread Group 1-46
2023-11-27 16:55:07,374 INFO o.a.j.t.JMeterThread: Stopping: Thread Group 1-12
2023-11-27 16:55:07,374 INFO o.a.j.t.JMeterThread: Stopping: Thread Group 1-19
2023-11-27 16:55:07,374 INFO o.a.j.t.JMeterThread: Stopping: Thread Group 1-51
2023-11-27 16:55:07,374 INFO o.a.j.t.JMeterThread: Stopping: Thread Group 1-43
2023-11-27 16:55:07,374 INFO o.a.j.t.JMeterThread: Stopping: Thread Group 1-82
2023-11-27 16:55:07,374 INFO o.a.j.t.JMeterThread: Stopping: Thread Group 1-42
2023-11-27 16:55:07,374 INFO o.a.j.t.JMeterThread: Stopping: Thread Group 1-29
2023-11-27 16:55:09,019 INFO o.a.j.t.JMeterThread: Thread finished: Thread Group 1-41
2023-11-27 16:55:09,073 INFO o.a.j.t.JMeterThread: Thread finished: Thread Group 1-42
2023-11-27 16:55:09,194 INFO o.a.j.t.JMeterThread: Thread finished: Thread Group 1-4
2023-11-27 16:55:09,323 INFO o.a.j.t.JMeterThread: Thread finished: Thread Group 1-43
2023-11-27 16:55:09,514 INFO o.a.j.t.JMeterThread: Thread finished: Thread Group 1-44
2023-11-27 16:55:09,671 INFO o.a.j.t.JMeterThread: Thread finished: Thread Group 1-5
2023-11-27 16:55:09,803 INFO o.a.j.t.JMeterThread: Thread finished: Thread Group 1-45
2023-11-27 16:55:09,936 INFO o.a.j.t.JMeterThread: Thread finished: Thread Group 1-46
2023-11-27 16:55:10,004 INFO o.a.j.t.JMeterThread: Thread finished: Thread Group 1-47
2023-11-27 16:55:10,071 INFO o.a.j.t.JMeterThread: Thread finished: Thread Group 1-6
2023-11-27 16:55:10,189 INFO o.a.j.t.JMeterThread: Thread finished: Thread Group 1-48
2023-11-27 16:55:10,289 INFO o.a.j.t.JMeterThread: Thread finished: Thread Group 1-49
2023-11-27 16:55:10,389 INFO o.a.j.t.JMeterThread: Thread finished: Thread Group 1-7
2023-11-27 16:55:10,471 INFO o.a.j.t.JMeterThread: Thread finished: Thread Group 1-50
2023-11-27 16:55:10,597 INFO o.a.j.t.JMeterThread: Thread finished: Thread Group 1-51
2023-11-27 16:55:10,697 INFO o.a.j.t.JMeterThread: Thread finished: Thread Group 1-52
2023-11-27 16:55:10,874 INFO o.a.j.t.JMeterThread: Thread finished: Thread Group 1-8
2023-11-27 16:55:11,029 INFO o.a.j.t.JMeterThread: Thread finished: Thread Group 1-53
2023-11-27 16:55:11,160 INFO o.a.j.t.JMeterThread: Thread finished: Thread Group 1-54
2023-11-27 16:55:11,329 INFO o.a.j.t.JMeterThread: Thread finished: Thread Group 1-55
2023-11-27 16:55:11,489 INFO o.a.j.t.JMeterThread: Thread finished: Thread Group 1-9
2023-11-27 16:55:11,538 INFO o.a.j.t.JMeterThread: Thread finished: Thread Group 1-56
2023-11-27 16:55:11,590 INFO o.a.j.t.JMeterThread: Thread finished: Thread Group 1-57
2023-11-27 16:55:11,667 INFO o.a.j.t.JMeterThread: Thread finished: Thread Group 1-10
2023-11-27 16:55:11,738 INFO o.a.j.t.JMeterThread: Thread finished: Thread Group 1-58
2023-11-27 16:55:11,822 INFO o.a.j.t.JMeterThread: Thread finished: Thread Group 1-59
2023-11-27 16:55:11,922 INFO o.a.j.t.JMeterThread: Thread finished: Thread Group 1-60
2023-11-27 16:55:11,990 INFO o.a.j.t.JMeterThread: Thread finished: Thread Group 1-11
2023-11-27 16:55:12,107 INFO o.a.j.t.JMeterThread: Thread finished: Thread Group 1-61
2023-11-27 16:55:12,225 INFO o.a.j.t.JMeterThread: Thread finished: Thread Group 1-62
2023-11-27 16:55:12,292 INFO o.a.j.t.JMeterThread: Thread finished: Thread Group 1-63
2023-11-27 16:55:12,339 INFO o.a.j.t.JMeterThread: Thread finished: Thread Group 1-12
2023-11-27 16:55:12,390 INFO o.a.j.t.JMeterThread: Thread finished: Thread Group 1-64
2023-11-27 16:55:12,450 INFO o.a.j.t.JMeterThread: Thread finished: Thread Group 1-65
2023-11-27 16:55:12,506 INFO o.a.j.t.JMeterThread: Thread finished: Thread Group 1-13
2023-11-27 16:55:12,549 INFO o.a.j.t.JMeterThread: Thread finished: Thread Group 1-78
2023-11-27 16:55:12,592 INFO o.a.j.t.JMeterThread: Thread finished: Thread Group 1-77
2023-11-27 16:55:12,638 INFO o.a.j.t.JMeterThread: Thread finished: Thread Group 1-79
2023-11-27 16:55:12,698 INFO o.a.j.t.JMeterThread: Thread finished: Thread Group 1-18
2023-11-27 16:55:12,753 INFO o.a.j.t.JMeterThread: Thread finished: Thread Group 1-80
2023-11-27 16:55:12,807 INFO o.a.j.t.JMeterThread: Thread finished: Thread Group 1-66
2023-11-27 16:55:12,854 INFO o.a.j.t.JMeterThread: Thread finished: Thread Group 1-19
2023-11-27 16:55:12,896 INFO o.a.j.t.JMeterThread: Thread finished: Thread Group 1-81
2023-11-27 16:55:12,937 INFO o.a.j.t.JMeterThread: Thread finished: Thread Group 1-82
2023-11-27 16:55:12,994 INFO o.a.j.t.JMeterThread: Thread finished: Thread Group 1-20
2023-11-27 16:55:13,052 INFO o.a.j.t.JMeterThread: Thread finished: Thread Group 1-70
2023-11-27 16:55:13,100 INFO o.a.j.t.JMeterThread: Thread finished: Thread Group 1-15
2023-11-27 16:55:13,145 INFO o.a.j.t.JMeterThread: Thread finished: Thread Group 1-71
2023-11-27 16:55:13,191 INFO o.a.j.t.JMeterThread: Thread finished: Thread Group 1-83
2023-11-27 16:55:13,243 INFO o.a.j.t.JMeterThread: Thread finished: Thread Group 1-72
2023-11-27 16:55:13,294 INFO o.a.j.t.JMeterThread: Thread finished: Thread Group 1-73
2023-11-27 16:55:13,340 INFO o.a.j.t.JMeterThread: Thread finished: Thread Group 1-84
2023-11-27 16:55:13,381 INFO o.a.j.t.JMeterThread: Thread finished: Thread Group 1-16
2023-11-27 16:55:13,428 INFO o.a.j.t.JMeterThread: Thread finished: Thread Group 1-74
2023-11-27 16:55:13,476 INFO o.a.j.t.JMeterThread: Thread finished: Thread Group 1-85
2023-11-27 16:55:13,518 INFO o.a.j.t.JMeterThread: Thread finished: Thread Group 1-75
2023-11-27 16:55:13,561 INFO o.a.j.t.JMeterThread: Thread finished: Thread Group 1-21
2023-11-27 16:55:13,607 INFO o.a.j.t.JMeterThread: Thread finished: Thread Group 1-17
2023-11-27 16:55:13,655 INFO o.a.j.t.JMeterThread: Thread finished: Thread Group 1-76
2023-11-27 16:55:13,705 INFO o.a.j.t.JMeterThread: Thread finished: Thread Group 1-86
2023-11-27 16:55:13,754 INFO o.a.j.t.JMeterThread: Thread finished: Thread Group 1-87
2023-11-27 16:55:13,809 INFO o.a.j.t.JMeterThread: Thread finished: Thread Group 1-88
2023-11-27 16:55:13,858 INFO o.a.j.t.JMeterThread: Thread finished: Thread Group 1-89
2023-11-27 16:55:13,907 INFO o.a.j.t.JMeterThread: Thread finished: Thread Group 1-90
2023-11-27 16:55:13,953 INFO o.a.j.t.JMeterThread: Thread finished: Thread Group 1-91
2023-11-27 16:55:14,009 INFO o.a.j.t.JMeterThread: Thread finished: Thread Group 1-92
2023-11-27 16:55:14,064 INFO o.a.j.t.JMeterThread: Thread finished: Thread Group 1-93
2023-11-27 16:55:14,108 INFO o.a.j.t.JMeterThread: Thread finished: Thread Group 1-94
2023-11-27 16:55:14,156 INFO o.a.j.t.JMeterThread: Thread finished: Thread Group 1-95
2023-11-27 16:55:14,204 INFO o.a.j.t.JMeterThread: Thread finished: Thread Group 1-96
2023-11-27 16:55:14,267 INFO o.a.j.t.JMeterThread: Thread finished: Thread Group 1-22
2023-11-27 16:55:14,329 INFO o.a.j.t.JMeterThread: Thread finished: Thread Group 1-97
2023-11-27 16:55:14,400 INFO o.a.j.t.JMeterThread: Thread finished: Thread Group 1-98
2023-11-27 16:55:15,930 INFO o.a.j.t.JMeterThread: Thread finished: Thread Group 1-99
2023-11-27 16:55:15,998 INFO o.a.j.t.JMeterThread: Thread finished: Thread Group 1-23
2023-11-27 16:55:16,060 INFO o.a.j.t.JMeterThread: Thread finished: Thread Group 1-100
2023-11-27 16:55:16,121 INFO o.a.j.t.JMeterThread: Thread finished: Thread Group 1-24
2023-11-27 16:55:17,535 INFO o.a.j.t.JMeterThread: Thread finished: Thread Group 1-25
2023-11-27 16:55:17,584 INFO o.a.j.t.JMeterThread: Thread finished: Thread Group 1-26
2023-11-27 16:55:17,627 INFO o.a.j.t.JMeterThread: Thread finished: Thread Group 1-27
2023-11-27 16:55:17,671 INFO o.a.j.t.JMeterThread: Thread finished: Thread Group 1-28
2023-11-27 16:55:17,717 INFO o.a.j.t.JMeterThread: Thread finished: Thread Group 1-29
2023-11-27 16:55:17,766 INFO o.a.j.t.JMeterThread: Thread finished: Thread Group 1-30
2023-11-27 16:55:17,812 INFO o.a.j.t.JMeterThread: Thread finished: Thread Group 1-31
2023-11-27 16:55:17,870 INFO o.a.j.t.JMeterThread: Thread finished: Thread Group 1-32
2023-11-27 16:55:17,927 INFO o.a.j.t.JMeterThread: Thread finished: Thread Group 1-33
2023-11-27 16:55:17,985 INFO o.a.j.t.JMeterThread: Thread finished: Thread Group 1-34
2023-11-27 16:55:18,040 INFO o.a.j.t.JMeterThread: Thread finished: Thread Group 1-1
2023-11-27 16:55:18,094 INFO o.a.j.t.JMeterThread: Thread finished: Thread Group 1-35
2023-11-27 16:55:18,138 INFO o.a.j.t.JMeterThread: Thread finished: Thread Group 1-36
2023-11-27 16:55:18,185 INFO o.a.j.t.JMeterThread: Thread finished: Thread Group 1-2
2023-11-27 16:55:18,263 INFO o.a.j.t.JMeterThread: Thread finished: Thread Group 1-37
2023-11-27 16:55:18,319 INFO o.a.j.t.JMeterThread: Thread finished: Thread Group 1-38
2023-11-27 16:55:18,371 INFO o.a.j.t.JMeterThread: Thread finished: Thread Group 1-39
2023-11-27 16:55:19,977 INFO o.a.j.t.JMeterThread: Thread finished: Thread Group 1-3
2023-11-27 16:55:20,067 INFO o.a.j.t.JMeterThread: Thread finished: Thread Group 1-40
2023-11-27 16:55:20,173 INFO o.a.j.t.JMeterThread: Thread finished: Thread Group 1-67
2023-11-27 16:55:20,258 INFO o.a.j.t.JMeterThread: Thread finished: Thread Group 1-14
2023-11-27 16:55:20,359 INFO o.a.j.t.JMeterThread: Thread finished: Thread Group 1-68
2023-11-27 16:55:20,457 INFO o.a.j.t.JMeterThread: Thread finished: Thread Group 1-69
2023-11-27 16:55:20,458 INFO o.a.j.e.StandardJMeterEngine: Notifying test listeners of end of test
2023-11-27 16:55:20,459 INFO o.a.j.g.u.JMeterMenuBar: setRunning(false, *local*)
